2018-11-17 01:56:26,083  - INFO - 选择的浏览器为: Chrome 浏览器
2018-11-17 01:56:26,083  - INFO - 打开的URL为: http://cloudoa.hq.cmcc/cmoa-webapp1/customlogin/login.jsp
2018-11-17 01:56:28,233  - INFO - 启动谷歌浏览器
2018-11-17 01:56:28,526  - INFO - 打开URL: http://cloudoa.hq.cmcc/cmoa-webapp1/customlogin/login.jsp
2018-11-17 01:56:29,667  - INFO - 全屏当前窗口
2018-11-17 01:56:29,668  - INFO - 设置5秒隐式等待时间
2018-11-17 01:56:29,668  - INFO - 清空文本框内容: userName...
2018-11-17 01:56:30,746  - INFO - 输入内容方式 by name: userName...
2018-11-17 01:56:30,746  - INFO - 输入内容: yuchengzhi
2018-11-17 01:56:32,841  - INFO - 清空文本框内容: password...
2018-11-17 01:56:33,901  - INFO - 输入内容方式 by name: password...
2018-11-17 01:56:33,901  - INFO - 输入内容: cmcc1qaz2wsx
2018-11-17 01:56:35,981  - INFO - 点击元素 by name: loginButton...
2018-11-17 01:57:03,560  - INFO - 点击元素 by id: gViewCloseBtnGViewInfo...
2018-11-17 01:57:08,827  - INFO - 点击元素 by id: processFormSubmitNext...
2018-11-17 01:57:15,464  - INFO - 点击元素 by id: processFormSubmitNext...
2018-11-17 01:57:19,065  - INFO - 关闭浏览器窗口
2018-11-17 01:57:19,066  - INFO - 选择的浏览器为: Chrome 浏览器
2018-11-17 01:57:19,066  - INFO - 打开的URL为: http://cloudoa.hq.cmcc/cmoa-webapp1/customlogin/login.jsp
2018-11-17 01:57:21,254  - INFO - 启动谷歌浏览器
2018-11-17 01:57:21,543  - INFO - 打开URL: http://cloudoa.hq.cmcc/cmoa-webapp1/customlogin/login.jsp
2018-11-17 01:57:22,676  - INFO - 全屏当前窗口
2018-11-17 01:57:22,678  - INFO - 设置5秒隐式等待时间
2018-11-17 01:57:22,679  - INFO - 清空文本框内容: userName...
2018-11-17 01:57:23,762  - INFO - 输入内容方式 by name: userName...
2018-11-17 01:57:23,762  - INFO - 输入内容: xuhaiyong
2018-11-17 01:57:25,900  - INFO - 清空文本框内容: password...
2018-11-17 01:57:26,961  - INFO - 输入内容方式 by name: password...
2018-11-17 01:57:26,961  - INFO - 输入内容: cmcc1qaz2wsx
2018-11-17 01:57:29,055  - INFO - 点击元素 by name: loginButton...
2018-11-17 01:57:34,942  - INFO - 点击元素 by id: gViewCloseBtnGViewInfo...
2018-11-17 01:57:42,453  - INFO - 页面已截图，截图的路径在项目: /screenshots路径下
2018-11-17 01:57:44,763  - INFO - 关闭浏览器窗口
2018-11-17 01:57:44,765  - INFO - 选择的浏览器为: Chrome 浏览器
2018-11-17 01:57:44,766  - INFO - 打开的URL为: http://cloudoa.hq.cmcc/cmoa-webapp1/customlogin/login.jsp
2018-11-17 01:57:47,023  - INFO - 启动谷歌浏览器
2018-11-17 01:57:47,329  - INFO - 打开URL: http://cloudoa.hq.cmcc/cmoa-webapp1/customlogin/login.jsp
2018-11-17 01:57:48,470  - INFO - 全屏当前窗口
2018-11-17 01:57:48,473  - INFO - 设置5秒隐式等待时间
2018-11-17 01:57:48,474  - INFO - 清空文本框内容: userName...
2018-11-17 01:57:49,560  - INFO - 输入内容方式 by name: userName...
2018-11-17 01:57:49,560  - INFO - 输入内容: taotao
2018-11-17 01:57:51,627  - INFO - 清空文本框内容: password...
2018-11-17 01:57:52,687  - INFO - 输入内容方式 by name: password...
2018-11-17 01:57:52,687  - INFO - 输入内容: 123456
2018-11-17 01:57:54,753  - INFO - 点击元素 by name: loginButton...
2018-11-17 01:58:11,463  - INFO - 点击元素 by id: gViewCloseBtnGViewInfo...
2018-11-17 01:58:16,723  - INFO - 点击元素 by id: processFormSubmitNext...
2018-11-17 01:58:23,385  - INFO - 点击元素 by id: processFormSubmitNext...
2018-11-17 01:58:28,645  - INFO - 关闭浏览器窗口
2018-11-17 01:58:28,647  - INFO - 选择的浏览器为: Chrome 浏览器
2018-11-17 01:58:28,647  - INFO - 打开的URL为: http://cloudoa.hq.cmcc/cmoa-webapp1/customlogin/login.jsp
2018-11-17 01:58:30,767  - INFO - 启动谷歌浏览器
2018-11-17 01:58:31,055  - INFO - 打开URL: http://cloudoa.hq.cmcc/cmoa-webapp1/customlogin/login.jsp
2018-11-17 01:58:32,187  - INFO - 全屏当前窗口
2018-11-17 01:58:32,189  - INFO - 设置5秒隐式等待时间
2018-11-17 01:58:32,189  - INFO - 清空文本框内容: userName...
2018-11-17 01:58:33,283  - INFO - 输入内容方式 by name: userName...
2018-11-17 01:58:33,283  - INFO - 输入内容: xiongwenjia
2018-11-17 01:58:35,366  - INFO - 清空文本框内容: password...
2018-11-17 01:58:36,425  - INFO - 输入内容方式 by name: password...
2018-11-17 01:58:36,425  - INFO - 输入内容: 123456
2018-11-17 01:58:38,505  - INFO - 点击元素 by name: loginButton...
2018-11-17 01:58:41,102  - INFO - 点击元素 by id: gViewCloseBtnGViewInfo...
