2018-11-17 01:22:06,619  - INFO - 选择的浏览器为: Chrome 浏览器
2018-11-17 01:22:06,619  - INFO - 打开的URL为: http://cloudoa.hq.cmcc/cmoa-webapp1/customlogin/login.jsp
2018-11-17 01:22:08,780  - INFO - 启动谷歌浏览器
2018-11-17 01:22:09,057  - INFO - 打开URL: http://cloudoa.hq.cmcc/cmoa-webapp1/customlogin/login.jsp
2018-11-17 01:22:10,176  - INFO - 全屏当前窗口
2018-11-17 01:22:10,178  - INFO - 设置5秒隐式等待时间
2018-11-17 01:22:10,180  - INFO - 清空文本框内容: userName...
2018-11-17 01:22:11,268  - INFO - 输入内容方式 by name: userName...
2018-11-17 01:22:11,268  - INFO - 输入内容: daizhong
2018-11-17 01:22:13,347  - INFO - 清空文本框内容: password...
2018-11-17 01:22:14,438  - INFO - 输入内容方式 by name: password...
2018-11-17 01:22:14,438  - INFO - 输入内容: cmcc1qaz2wsx
2018-11-17 01:22:16,516  - INFO - 点击元素 by name: loginButton...
2018-11-17 01:22:21,120  - INFO - 点击元素 by id: gViewCloseBtnGViewInfo...
2018-11-17 01:22:23,204  - INFO - 点击元素 by xpath: //*[@id="showRecord_2"]...
2018-11-17 01:22:25,341  - INFO - 点击元素 by xpath: /html/body/div[1]/div/div/div/div[2]/table/tbody/tr/td[2]/div/div/table/tbody/tr[1]/td[3]/a...
2018-11-17 01:22:30,511  - INFO - 点击元素 by id: toFlowXspLink...
2018-11-17 01:22:33,763  - INFO - 点击元素 by xpath: //*[@id="showRecord_2"]...
2018-11-17 01:22:35,854  - INFO - 点击元素 by xpath: /html/body/div[1]/div/div/div/div[2]/table/tbody/tr/td[2]/div/div/table/tbody/tr[2]/td[3]/a...
2018-11-17 01:22:40,999  - INFO - 点击元素 by id: toFlowXspLink...
2018-11-17 01:22:46,283  - INFO - 关闭浏览器窗口
2018-11-17 01:22:46,285  - INFO - 选择的浏览器为: Chrome 浏览器
2018-11-17 01:22:46,285  - INFO - 打开的URL为: http://cloudoa.hq.cmcc/cmoa-webapp1/customlogin/login.jsp
2018-11-17 01:22:48,433  - INFO - 启动谷歌浏览器
2018-11-17 01:22:48,703  - INFO - 打开URL: http://cloudoa.hq.cmcc/cmoa-webapp1/customlogin/login.jsp
2018-11-17 01:22:49,830  - INFO - 全屏当前窗口
2018-11-17 01:22:49,834  - INFO - 设置5秒隐式等待时间
2018-11-17 01:22:49,835  - INFO - 清空文本框内容: userName...
2018-11-17 01:22:50,932  - INFO - 输入内容方式 by name: userName...
2018-11-17 01:22:50,932  - INFO - 输入内容: wangxiaojie
2018-11-17 01:22:53,040  - INFO - 清空文本框内容: password...
2018-11-17 01:22:54,102  - INFO - 输入内容方式 by name: password...
2018-11-17 01:22:54,102  - INFO - 输入内容: cmcc1qaz2wsx
2018-11-17 01:22:56,175  - INFO - 点击元素 by name: loginButton...
2018-11-17 01:23:41,868  - INFO - 点击元素 by id: gViewCloseBtnGViewInfo...
2018-11-17 01:23:43,977  - INFO - 点击元素 by xpath: //*[@id="showRecord_2"]...
2018-11-17 01:23:46,117  - INFO - 点击元素 by xpath: /html/body/div[1]/div/div/div/div[2]/table/tbody/tr/td[2]/div/div/table/tbody/tr[1]/td[3]/a...
2018-11-17 01:23:51,283  - INFO - 点击元素 by id: toFlowXspLink...
2018-11-17 01:23:54,518  - INFO - 点击元素 by xpath: //*[@id="showRecord_2"]...
2018-11-17 01:23:56,612  - INFO - 点击元素 by xpath: /html/body/div[1]/div/div/div/div[2]/table/tbody/tr/td[2]/div/div/table/tbody/tr[2]/td[3]/a...
2018-11-17 01:24:01,755  - INFO - 点击元素 by id: toFlowXspLink...
2018-11-17 01:24:07,082  - INFO - 关闭浏览器窗口
2018-11-17 01:24:07,084  - INFO - 选择的浏览器为: Chrome 浏览器
2018-11-17 01:24:07,084  - INFO - 打开的URL为: http://cloudoa.hq.cmcc/cmoa-webapp1/customlogin/login.jsp
2018-11-17 01:24:09,282  - INFO - 启动谷歌浏览器
2018-11-17 01:24:09,534  - INFO - 打开URL: http://cloudoa.hq.cmcc/cmoa-webapp1/customlogin/login.jsp
2018-11-17 01:24:10,662  - INFO - 全屏当前窗口
2018-11-17 01:24:10,665  - INFO - 设置5秒隐式等待时间
2018-11-17 01:24:10,665  - INFO - 清空文本框内容: userName...
2018-11-17 01:24:11,747  - INFO - 输入内容方式 by name: userName...
2018-11-17 01:24:11,747  - INFO - 输入内容: yanglin
2018-11-17 01:24:13,813  - INFO - 清空文本框内容: password...
2018-11-17 01:24:14,870  - INFO - 输入内容方式 by name: password...
2018-11-17 01:24:14,870  - INFO - 输入内容: cmcc1qaz2wsx
2018-11-17 01:24:16,945  - INFO - 点击元素 by name: loginButton...
2018-11-17 01:24:32,062  - INFO - 点击元素 by id: gViewCloseBtnGViewInfo...
2018-11-17 01:24:34,155  - INFO - 点击元素 by xpath: //*[@id="showRecord_2"]...
2018-11-17 01:24:36,293  - INFO - 点击元素 by xpath: /html/body/div[1]/div/div/div/div[2]/table/tbody/tr/td[2]/div/div/table/tbody/tr[1]/td[3]/a...
2018-11-17 01:24:41,447  - INFO - 点击元素 by id: toFlowXspLink...
2018-11-17 01:24:44,714  - INFO - 点击元素 by xpath: //*[@id="showRecord_2"]...
2018-11-17 01:24:46,812  - INFO - 点击元素 by xpath: /html/body/div[1]/div/div/div/div[2]/table/tbody/tr/td[2]/div/div/table/tbody/tr[2]/td[3]/a...
2018-11-17 01:24:51,976  - INFO - 点击元素 by id: toFlowXspLink...
2018-11-17 01:24:57,320  - INFO - 关闭浏览器窗口
2018-11-17 01:24:57,323  - INFO - 选择的浏览器为: Chrome 浏览器
2018-11-17 01:24:57,323  - INFO - 打开的URL为: http://cloudoa.hq.cmcc/cmoa-webapp1/customlogin/login.jsp
2018-11-17 01:24:59,450  - INFO - 启动谷歌浏览器
2018-11-17 01:24:59,713  - INFO - 打开URL: http://cloudoa.hq.cmcc/cmoa-webapp1/customlogin/login.jsp
2018-11-17 01:25:00,838  - INFO - 全屏当前窗口
2018-11-17 01:25:00,840  - INFO - 设置5秒隐式等待时间
2018-11-17 01:25:00,841  - INFO - 清空文本框内容: userName...
2018-11-17 01:25:01,918  - INFO - 输入内容方式 by name: userName...
2018-11-17 01:25:01,918  - INFO - 输入内容: weibing
2018-11-17 01:25:03,986  - INFO - 清空文本框内容: password...
2018-11-17 01:25:05,040  - INFO - 输入内容方式 by name: password...
2018-11-17 01:25:05,040  - INFO - 输入内容: cmcc1qaz2wsx
2018-11-17 01:25:07,120  - INFO - 点击元素 by name: loginButton...
2018-11-17 01:25:36,120  - INFO - 点击元素 by id: gViewCloseBtnGViewInfo...
2018-11-17 01:25:38,213  - INFO - 点击元素 by xpath: //*[@id="showRecord_2"]...
2018-11-17 01:25:40,351  - INFO - 点击元素 by xpath: /html/body/div[1]/div/div/div/div[2]/table/tbody/tr/td[2]/div/div/table/tbody/tr[1]/td[3]/a...
2018-11-17 01:25:45,508  - INFO - 点击元素 by id: toFlowXspLink...
2018-11-17 01:25:48,752  - INFO - 点击元素 by xpath: //*[@id="showRecord_2"]...
2018-11-17 01:25:50,854  - INFO - 点击元素 by xpath: /html/body/div[1]/div/div/div/div[2]/table/tbody/tr/td[2]/div/div/table/tbody/tr[2]/td[3]/a...
2018-11-17 01:25:55,993  - INFO - 点击元素 by id: toFlowXspLink...
2018-11-17 01:26:01,336  - INFO - 关闭浏览器窗口
2018-11-17 01:26:01,337  - INFO - 选择的浏览器为: Chrome 浏览器
2018-11-17 01:26:01,338  - INFO - 打开的URL为: http://cloudoa.hq.cmcc/cmoa-webapp1/customlogin/login.jsp
2018-11-17 01:26:03,464  - INFO - 启动谷歌浏览器
2018-11-17 01:26:03,685  - INFO - 打开URL: http://cloudoa.hq.cmcc/cmoa-webapp1/customlogin/login.jsp
2018-11-17 01:26:04,822  - INFO - 全屏当前窗口
2018-11-17 01:26:04,825  - INFO - 设置5秒隐式等待时间
2018-11-17 01:26:04,825  - INFO - 清空文本框内容: userName...
2018-11-17 01:26:05,906  - INFO - 输入内容方式 by name: userName...
2018-11-17 01:26:05,906  - INFO - 输入内容: fangli
2018-11-17 01:26:07,972  - INFO - 清空文本框内容: password...
2018-11-17 01:26:09,030  - INFO - 输入内容方式 by name: password...
2018-11-17 01:26:09,031  - INFO - 输入内容: cmcc1qaz2wsx
2018-11-17 01:26:11,118  - INFO - 点击元素 by name: loginButton...
2018-11-17 01:26:37,925  - INFO - 点击元素 by id: gViewCloseBtnGViewInfo...
2018-11-17 01:26:40,015  - INFO - 点击元素 by xpath: //*[@id="showRecord_2"]...
2018-11-17 01:26:42,156  - INFO - 点击元素 by xpath: /html/body/div[1]/div/div/div/div[2]/table/tbody/tr/td[2]/div/div/table/tbody/tr[1]/td[3]/a...
2018-11-17 01:26:47,322  - INFO - 点击元素 by id: toFlowXspLink...
2018-11-17 01:26:50,705  - INFO - 点击元素 by xpath: //*[@id="showRecord_2"]...
2018-11-17 01:26:52,802  - INFO - 点击元素 by xpath: /html/body/div[1]/div/div/div/div[2]/table/tbody/tr/td[2]/div/div/table/tbody/tr[2]/td[3]/a...
2018-11-17 01:26:57,959  - INFO - 点击元素 by id: toFlowXspLink...
2018-11-17 01:27:03,300  - INFO - 关闭浏览器窗口
2018-11-17 01:27:03,302  - INFO - 选择的浏览器为: Chrome 浏览器
2018-11-17 01:27:03,302  - INFO - 打开的URL为: http://cloudoa.hq.cmcc/cmoa-webapp1/customlogin/login.jsp
2018-11-17 01:27:05,466  - INFO - 启动谷歌浏览器
2018-11-17 01:27:05,722  - INFO - 打开URL: http://cloudoa.hq.cmcc/cmoa-webapp1/customlogin/login.jsp
2018-11-17 01:27:06,843  - INFO - 全屏当前窗口
2018-11-17 01:27:06,846  - INFO - 设置5秒隐式等待时间
2018-11-17 01:27:06,846  - INFO - 清空文本框内容: userName...
2018-11-17 01:27:07,933  - INFO - 输入内容方式 by name: userName...
2018-11-17 01:27:07,933  - INFO - 输入内容: yuchengzh
2018-11-17 01:27:10,011  - INFO - 清空文本框内容: password...
2018-11-17 01:27:11,059  - INFO - 输入内容方式 by name: password...
2018-11-17 01:27:11,059  - INFO - 输入内容: cmcc1qaz2wsx
2018-11-17 01:27:13,128  - INFO - 点击元素 by name: loginButton...
2018-11-17 01:27:15,869  - INFO - 点击元素 by id: gViewCloseBtnGViewInfo...
2018-11-17 01:27:49,164  - WARNING - 查找元素超时: gViewCloseBtnGViewInfo
2018-11-17 01:27:49,166  - INFO - 选择的浏览器为: Chrome 浏览器
2018-11-17 01:27:49,166  - INFO - 打开的URL为: http://cloudoa.hq.cmcc/cmoa-webapp1/customlogin/login.jsp
2018-11-17 01:27:51,310  - INFO - 启动谷歌浏览器
2018-11-17 01:27:51,544  - INFO - 打开URL: http://cloudoa.hq.cmcc/cmoa-webapp1/customlogin/login.jsp
2018-11-17 01:27:52,670  - INFO - 全屏当前窗口
2018-11-17 01:27:52,671  - INFO - 设置5秒隐式等待时间
2018-11-17 01:27:52,671  - INFO - 清空文本框内容: userName...
2018-11-17 01:27:53,744  - INFO - 输入内容方式 by name: userName...
2018-11-17 01:27:53,744  - INFO - 输入内容: daizhong
2018-11-17 01:27:55,827  - INFO - 清空文本框内容: password...
2018-11-17 01:27:56,919  - INFO - 输入内容方式 by name: password...
2018-11-17 01:27:56,919  - INFO - 输入内容: cmcc1qaz2wsx
2018-11-17 01:27:59,016  - INFO - 点击元素 by name: loginButton...
2018-11-17 01:28:03,596  - INFO - 点击元素 by id: gViewCloseBtnGViewInfo...
2018-11-17 01:28:08,863  - INFO - 点击元素 by id: processFormSubmitNext...
2018-11-17 01:28:15,618  - INFO - 点击元素 by id: processFormSubmitNext...
2018-11-17 01:28:21,032  - INFO - 关闭浏览器窗口
2018-11-17 01:28:21,034  - INFO - 选择的浏览器为: Chrome 浏览器
2018-11-17 01:28:21,034  - INFO - 打开的URL为: http://cloudoa.hq.cmcc/cmoa-webapp1/customlogin/login.jsp
2018-11-17 01:28:23,195  - INFO - 启动谷歌浏览器
2018-11-17 01:28:23,464  - INFO - 打开URL: http://cloudoa.hq.cmcc/cmoa-webapp1/customlogin/login.jsp
2018-11-17 01:28:24,594  - INFO - 全屏当前窗口
2018-11-17 01:28:24,596  - INFO - 设置5秒隐式等待时间
2018-11-17 01:28:24,596  - INFO - 清空文本框内容: userName...
2018-11-17 01:28:25,675  - INFO - 输入内容方式 by name: userName...
2018-11-17 01:28:25,675  - INFO - 输入内容: wangxiaojie
2018-11-17 01:28:27,759  - INFO - 清空文本框内容: password...
2018-11-17 01:28:28,809  - INFO - 输入内容方式 by name: password...
2018-11-17 01:28:28,809  - INFO - 输入内容: cmcc1qaz2wsx
2018-11-17 01:28:30,884  - INFO - 点击元素 by name: loginButton...
2018-11-17 01:28:35,484  - INFO - 点击元素 by id: gViewCloseBtnGViewInfo...
2018-11-17 01:28:40,739  - INFO - 点击元素 by id: processFormSubmitNext...
2018-11-17 01:29:14,367  - INFO - 页面已截图，截图的路径在项目: /screenshots路径下
2018-11-17 01:29:16,677  - INFO - 关闭浏览器窗口
2018-11-17 01:29:16,680  - INFO - 选择的浏览器为: Chrome 浏览器
2018-11-17 01:29:16,681  - INFO - 打开的URL为: http://cloudoa.hq.cmcc/cmoa-webapp1/customlogin/login.jsp
2018-11-17 01:29:18,815  - INFO - 启动谷歌浏览器
2018-11-17 01:29:19,075  - INFO - 打开URL: http://cloudoa.hq.cmcc/cmoa-webapp1/customlogin/login.jsp
2018-11-17 01:29:20,199  - INFO - 全屏当前窗口
2018-11-17 01:29:20,200  - INFO - 设置5秒隐式等待时间
2018-11-17 01:29:20,200  - INFO - 清空文本框内容: userName...
2018-11-17 01:29:21,270  - INFO - 输入内容方式 by name: userName...
2018-11-17 01:29:21,270  - INFO - 输入内容: yanglin
2018-11-17 01:29:23,341  - INFO - 清空文本框内容: password...
2018-11-17 01:29:24,399  - INFO - 输入内容方式 by name: password...
2018-11-17 01:29:24,399  - INFO - 输入内容: cmcc1qaz2wsx
2018-11-17 01:29:26,489  - INFO - 点击元素 by name: loginButton...
2018-11-17 01:29:31,047  - INFO - 点击元素 by id: gViewCloseBtnGViewInfo...
2018-11-17 01:29:36,316  - INFO - 点击元素 by id: processFormSubmitNext...
2018-11-17 01:29:54,384  - INFO - 点击元素 by id: processFormSubmitNext...
2018-11-17 01:29:59,783  - INFO - 关闭浏览器窗口
2018-11-17 01:30:11,829  - INFO - 选择的浏览器为: Chrome 浏览器
2018-11-17 01:30:11,829  - INFO - 打开的URL为: http://cloudoa.hq.cmcc/cmoa-webapp1/customlogin/login.jsp
2018-11-17 01:30:13,994  - INFO - 启动谷歌浏览器
2018-11-17 01:30:14,245  - INFO - 打开URL: http://cloudoa.hq.cmcc/cmoa-webapp1/customlogin/login.jsp
2018-11-17 01:30:15,385  - INFO - 全屏当前窗口
2018-11-17 01:30:15,389  - INFO - 设置5秒隐式等待时间
2018-11-17 01:30:15,389  - INFO - 清空文本框内容: userName...
2018-11-17 01:30:16,495  - INFO - 输入内容方式 by name: userName...
2018-11-17 01:30:16,495  - INFO - 输入内容: weibing
2018-11-17 01:30:18,573  - INFO - 清空文本框内容: password...
2018-11-17 01:30:19,628  - INFO - 输入内容方式 by name: password...
2018-11-17 01:30:19,628  - INFO - 输入内容: cmcc1qaz2wsx
2018-11-17 01:30:21,705  - INFO - 点击元素 by name: loginButton...
2018-11-17 01:30:26,238  - INFO - 点击元素 by id: gViewCloseBtnGViewInfo...
2018-11-17 01:30:31,527  - INFO - 点击元素 by id: processFormSubmitNext...
2018-11-17 01:30:38,021  - INFO - 点击元素 by id: processFormSubmitNext...
2018-11-17 01:30:43,695  - INFO - 关闭浏览器窗口
2018-11-17 01:30:43,696  - INFO - 选择的浏览器为: Chrome 浏览器
2018-11-17 01:30:43,696  - INFO - 打开的URL为: http://cloudoa.hq.cmcc/cmoa-webapp1/customlogin/login.jsp
2018-11-17 01:30:45,897  - INFO - 启动谷歌浏览器
2018-11-17 01:30:46,151  - INFO - 打开URL: http://cloudoa.hq.cmcc/cmoa-webapp1/customlogin/login.jsp
2018-11-17 01:30:47,278  - INFO - 全屏当前窗口
2018-11-17 01:30:47,280  - INFO - 设置5秒隐式等待时间
2018-11-17 01:30:47,281  - INFO - 清空文本框内容: userName...
2018-11-17 01:30:48,358  - INFO - 输入内容方式 by name: userName...
2018-11-17 01:30:48,358  - INFO - 输入内容: fangli
2018-11-17 01:30:50,433  - INFO - 清空文本框内容: password...
2018-11-17 01:30:51,486  - INFO - 输入内容方式 by name: password...
2018-11-17 01:30:51,486  - INFO - 输入内容: cmcc1qaz2wsx
2018-11-17 01:30:53,580  - INFO - 点击元素 by name: loginButton...
2018-11-17 01:30:58,177  - INFO - 点击元素 by id: gViewCloseBtnGViewInfo...
2018-11-17 01:31:03,447  - INFO - 点击元素 by id: processFormSubmitNext...
2018-11-17 01:31:10,017  - INFO - 点击元素 by id: processFormSubmitNext...
2018-11-17 01:31:13,573  - INFO - 关闭浏览器窗口
2018-11-17 01:31:13,576  - INFO - 选择的浏览器为: Chrome 浏览器
2018-11-17 01:31:13,576  - INFO - 打开的URL为: http://cloudoa.hq.cmcc/cmoa-webapp1/customlogin/login.jsp
2018-11-17 01:31:15,737  - INFO - 启动谷歌浏览器
2018-11-17 01:31:16,005  - INFO - 打开URL: http://cloudoa.hq.cmcc/cmoa-webapp1/customlogin/login.jsp
2018-11-17 01:31:17,122  - INFO - 全屏当前窗口
2018-11-17 01:31:17,124  - INFO - 设置5秒隐式等待时间
2018-11-17 01:31:17,124  - INFO - 清空文本框内容: userName...
2018-11-17 01:31:18,220  - INFO - 输入内容方式 by name: userName...
2018-11-17 01:31:18,220  - INFO - 输入内容: yuchengzh
2018-11-17 01:31:20,316  - INFO - 清空文本框内容: password...
2018-11-17 01:31:21,372  - INFO - 输入内容方式 by name: password...
2018-11-17 01:31:21,372  - INFO - 输入内容: cmcc1qaz2wsx
2018-11-17 01:31:23,452  - INFO - 点击元素 by name: loginButton...
2018-11-17 01:31:26,063  - INFO - 点击元素 by id: gViewCloseBtnGViewInfo...
2018-11-17 01:31:59,261  - WARNING - 查找元素超时: gViewCloseBtnGViewInfo
2018-11-17 01:31:59,262  - INFO - 选择的浏览器为: Chrome 浏览器
2018-11-17 01:31:59,262  - INFO - 打开的URL为: http://cloudoa.hq.cmcc/cmoa-webapp1/customlogin/login.jsp
2018-11-17 01:32:01,473  - INFO - 启动谷歌浏览器
2018-11-17 01:32:01,767  - INFO - 打开URL: http://cloudoa.hq.cmcc/cmoa-webapp1/customlogin/login.jsp
2018-11-17 01:32:02,886  - INFO - 全屏当前窗口
2018-11-17 01:32:02,888  - INFO - 设置5秒隐式等待时间
2018-11-17 01:32:02,889  - INFO - 清空文本框内容: userName...
2018-11-17 01:32:03,964  - INFO - 输入内容方式 by name: userName...
2018-11-17 01:32:03,964  - INFO - 输入内容: daizhong
2018-11-17 01:32:06,043  - INFO - 清空文本框内容: password...
2018-11-17 01:32:07,092  - INFO - 输入内容方式 by name: password...
2018-11-17 01:32:07,092  - INFO - 输入内容: cmcc1qaz2wsx
2018-11-17 01:32:09,160  - INFO - 点击元素 by name: loginButton...
2018-11-17 01:32:13,966  - INFO - 点击元素 by id: gViewCloseBtnGViewInfo...
2018-11-17 01:32:16,056  - INFO - 点击元素 by xpath: //*[@id="showRecord_3"]...
2018-11-17 01:32:18,201  - INFO - 点击元素 by xpath: /html/body/div[1]/div/div/div/div[3]/table/tbody/tr/td[2]/div/div/table/tbody/tr[1]/td[2]/a...
2018-11-17 01:32:23,417  - INFO - 点击元素 by id: readProcess...
2018-11-17 01:32:26,641  - INFO - 点击元素 by xpath: //*[@id="showRecord_3"]...
2018-11-17 01:32:28,728  - INFO - 点击元素 by xpath: /html/body/div[1]/div/div/div/div[3]/table/tbody/tr/td[2]/div/div/table/tbody/tr[2]/td[2]/a...
2018-11-17 01:32:33,875  - INFO - 点击元素 by id: readProcess...
2018-11-17 01:32:39,133  - INFO - 关闭浏览器窗口
2018-11-17 01:32:39,135  - INFO - 选择的浏览器为: Chrome 浏览器
2018-11-17 01:32:39,135  - INFO - 打开的URL为: http://cloudoa.hq.cmcc/cmoa-webapp1/customlogin/login.jsp
2018-11-17 01:32:41,331  - INFO - 启动谷歌浏览器
2018-11-17 01:32:41,619  - INFO - 打开URL: http://cloudoa.hq.cmcc/cmoa-webapp1/customlogin/login.jsp
2018-11-17 01:32:42,759  - INFO - 全屏当前窗口
2018-11-17 01:32:42,761  - INFO - 设置5秒隐式等待时间
2018-11-17 01:32:42,761  - INFO - 清空文本框内容: userName...
2018-11-17 01:32:43,838  - INFO - 输入内容方式 by name: userName...
2018-11-17 01:32:43,838  - INFO - 输入内容: wangxiaojie
2018-11-17 01:32:45,938  - INFO - 清空文本框内容: password...
2018-11-17 01:32:46,995  - INFO - 输入内容方式 by name: password...
2018-11-17 01:32:46,995  - INFO - 输入内容: cmcc1qaz2wsx
2018-11-17 01:32:49,091  - INFO - 点击元素 by name: loginButton...
2018-11-17 01:32:53,681  - INFO - 点击元素 by id: gViewCloseBtnGViewInfo...
2018-11-17 01:32:55,771  - INFO - 点击元素 by xpath: //*[@id="showRecord_3"]...
2018-11-17 01:32:57,920  - INFO - 点击元素 by xpath: /html/body/div[1]/div/div/div/div[3]/table/tbody/tr/td[2]/div/div/table/tbody/tr[1]/td[2]/a...
2018-11-17 01:33:03,102  - INFO - 点击元素 by id: readProcess...
2018-11-17 01:33:06,374  - INFO - 点击元素 by xpath: //*[@id="showRecord_3"]...
2018-11-17 01:33:08,468  - INFO - 点击元素 by xpath: /html/body/div[1]/div/div/div/div[3]/table/tbody/tr/td[2]/div/div/table/tbody/tr[2]/td[2]/a...
2018-11-17 01:33:13,612  - INFO - 点击元素 by id: readProcess...
2018-11-17 01:33:18,897  - INFO - 关闭浏览器窗口
2018-11-17 01:33:18,898  - INFO - 选择的浏览器为: Chrome 浏览器
2018-11-17 01:33:18,898  - INFO - 打开的URL为: http://cloudoa.hq.cmcc/cmoa-webapp1/customlogin/login.jsp
2018-11-17 01:33:27,036  - INFO - 启动谷歌浏览器
2018-11-17 01:33:27,296  - INFO - 打开URL: http://cloudoa.hq.cmcc/cmoa-webapp1/customlogin/login.jsp
2018-11-17 01:33:28,413  - INFO - 全屏当前窗口
2018-11-17 01:33:28,414  - INFO - 设置5秒隐式等待时间
2018-11-17 01:33:28,414  - INFO - 清空文本框内容: userName...
2018-11-17 01:33:29,484  - INFO - 输入内容方式 by name: userName...
2018-11-17 01:33:29,484  - INFO - 输入内容: yanglin
2018-11-17 01:33:31,556  - INFO - 清空文本框内容: password...
2018-11-17 01:33:32,608  - INFO - 输入内容方式 by name: password...
2018-11-17 01:33:32,608  - INFO - 输入内容: cmcc1qaz2wsx
2018-11-17 01:33:34,678  - INFO - 点击元素 by name: loginButton...
2018-11-17 01:33:39,248  - INFO - 点击元素 by id: gViewCloseBtnGViewInfo...
2018-11-17 01:33:41,331  - INFO - 点击元素 by xpath: //*[@id="showRecord_3"]...
2018-11-17 01:33:43,481  - INFO - 点击元素 by xpath: /html/body/div[1]/div/div/div/div[3]/table/tbody/tr/td[2]/div/div/table/tbody/tr[1]/td[2]/a...
2018-11-17 01:33:48,634  - INFO - 点击元素 by id: readProcess...
2018-11-17 01:33:51,828  - INFO - 点击元素 by xpath: //*[@id="showRecord_3"]...
2018-11-17 01:33:53,910  - INFO - 点击元素 by xpath: /html/body/div[1]/div/div/div/div[3]/table/tbody/tr/td[2]/div/div/table/tbody/tr[2]/td[2]/a...
2018-11-17 01:33:59,052  - INFO - 点击元素 by id: readProcess...
2018-11-17 01:34:04,325  - INFO - 关闭浏览器窗口
2018-11-17 01:34:04,326  - INFO - 选择的浏览器为: Chrome 浏览器
2018-11-17 01:34:04,326  - INFO - 打开的URL为: http://cloudoa.hq.cmcc/cmoa-webapp1/customlogin/login.jsp
2018-11-17 01:34:06,462  - INFO - 启动谷歌浏览器
2018-11-17 01:34:06,735  - INFO - 打开URL: http://cloudoa.hq.cmcc/cmoa-webapp1/customlogin/login.jsp
2018-11-17 01:34:07,854  - INFO - 全屏当前窗口
2018-11-17 01:34:07,856  - INFO - 设置5秒隐式等待时间
2018-11-17 01:34:07,857  - INFO - 清空文本框内容: userName...
2018-11-17 01:34:08,926  - INFO - 输入内容方式 by name: userName...
2018-11-17 01:34:08,927  - INFO - 输入内容: weibing
2018-11-17 01:34:11,000  - INFO - 清空文本框内容: password...
2018-11-17 01:34:12,049  - INFO - 输入内容方式 by name: password...
2018-11-17 01:34:12,049  - INFO - 输入内容: cmcc1qaz2wsx
2018-11-17 01:34:14,114  - INFO - 点击元素 by name: loginButton...
2018-11-17 01:34:18,682  - INFO - 点击元素 by id: gViewCloseBtnGViewInfo...
2018-11-17 01:34:20,767  - INFO - 点击元素 by xpath: //*[@id="showRecord_3"]...
2018-11-17 01:34:22,902  - INFO - 点击元素 by xpath: /html/body/div[1]/div/div/div/div[3]/table/tbody/tr/td[2]/div/div/table/tbody/tr[1]/td[2]/a...
2018-11-17 01:34:28,057  - INFO - 点击元素 by id: readProcess...
2018-11-17 01:34:31,243  - INFO - 点击元素 by xpath: //*[@id="showRecord_3"]...
2018-11-17 01:34:33,327  - INFO - 点击元素 by xpath: /html/body/div[1]/div/div/div/div[3]/table/tbody/tr/td[2]/div/div/table/tbody/tr[2]/td[2]/a...
2018-11-17 01:34:38,468  - INFO - 点击元素 by id: readProcess...
2018-11-17 01:34:43,719  - INFO - 关闭浏览器窗口
2018-11-17 01:34:43,721  - INFO - 选择的浏览器为: Chrome 浏览器
2018-11-17 01:34:43,722  - INFO - 打开的URL为: http://cloudoa.hq.cmcc/cmoa-webapp1/customlogin/login.jsp
2018-11-17 01:34:45,846  - INFO - 启动谷歌浏览器
2018-11-17 01:34:46,128  - INFO - 打开URL: http://cloudoa.hq.cmcc/cmoa-webapp1/customlogin/login.jsp
2018-11-17 01:34:47,245  - INFO - 全屏当前窗口
2018-11-17 01:34:47,246  - INFO - 设置5秒隐式等待时间
2018-11-17 01:34:47,246  - INFO - 清空文本框内容: userName...
2018-11-17 01:34:48,322  - INFO - 输入内容方式 by name: userName...
2018-11-17 01:34:48,322  - INFO - 输入内容: fangli
2018-11-17 01:34:50,393  - INFO - 清空文本框内容: password...
2018-11-17 01:34:51,447  - INFO - 输入内容方式 by name: password...
2018-11-17 01:34:51,447  - INFO - 输入内容: cmcc1qaz2wsx
2018-11-17 01:34:53,512  - INFO - 点击元素 by name: loginButton...
2018-11-17 01:34:58,078  - INFO - 点击元素 by id: gViewCloseBtnGViewInfo...
2018-11-17 01:35:00,170  - INFO - 点击元素 by xpath: //*[@id="showRecord_3"]...
2018-11-17 01:35:02,312  - INFO - 点击元素 by xpath: /html/body/div[1]/div/div/div/div[3]/table/tbody/tr/td[2]/div/div/table/tbody/tr[1]/td[2]/a...
2018-11-17 01:35:07,470  - INFO - 点击元素 by id: readProcess...
2018-11-17 01:35:10,659  - INFO - 点击元素 by xpath: //*[@id="showRecord_3"]...
2018-11-17 01:35:12,746  - INFO - 点击元素 by xpath: /html/body/div[1]/div/div/div/div[3]/table/tbody/tr/td[2]/div/div/table/tbody/tr[2]/td[2]/a...
2018-11-17 01:35:17,913  - INFO - 点击元素 by id: readProcess...
2018-11-17 01:35:23,171  - INFO - 关闭浏览器窗口
2018-11-17 01:35:23,172  - INFO - 选择的浏览器为: Chrome 浏览器
2018-11-17 01:35:23,172  - INFO - 打开的URL为: http://cloudoa.hq.cmcc/cmoa-webapp1/customlogin/login.jsp
2018-11-17 01:35:25,474  - INFO - 启动谷歌浏览器
2018-11-17 01:35:25,706  - INFO - 打开URL: http://cloudoa.hq.cmcc/cmoa-webapp1/customlogin/login.jsp
2018-11-17 01:35:26,829  - INFO - 全屏当前窗口
2018-11-17 01:35:26,831  - INFO - 设置5秒隐式等待时间
2018-11-17 01:35:26,831  - INFO - 清空文本框内容: userName...
2018-11-17 01:35:27,908  - INFO - 输入内容方式 by name: userName...
2018-11-17 01:35:27,908  - INFO - 输入内容: yuchengzh
2018-11-17 01:35:29,982  - INFO - 清空文本框内容: password...
2018-11-17 01:35:31,033  - INFO - 输入内容方式 by name: password...
2018-11-17 01:35:31,033  - INFO - 输入内容: cmcc1qaz2wsx
2018-11-17 01:35:33,113  - INFO - 点击元素 by name: loginButton...
2018-11-17 01:35:35,748  - INFO - 点击元素 by id: gViewCloseBtnGViewInfo...
2018-11-17 01:36:08,951  - WARNING - 查找元素超时: gViewCloseBtnGViewInfo
