2018-11-19 17:12:28,702  - INFO - 选择的浏览器为: Chrome 浏览器
2018-11-19 17:12:28,702  - INFO - 打开的URL为: http://10.2.87.115:8089/www/#/login
2018-11-19 17:12:30,880  - INFO - 启动谷歌浏览器
2018-11-19 17:12:31,637  - INFO - 打开URL: http://10.2.87.115:8089/www/#/login
2018-11-19 17:12:32,756  - INFO - 全屏当前窗口
2018-11-19 17:12:32,757  - INFO - 设置5秒隐式等待时间
2018-11-19 17:12:32,758  - INFO - 清空文本框内容: //*[@id="loginForm"]/div[2]/label[1]/input...
2018-11-19 17:12:33,847  - INFO - 输入内容方式 by xpath: //*[@id="loginForm"]/div[2]/label[1]/input...
2018-11-19 17:12:33,847  - INFO - 输入内容: daizhong
2018-11-19 17:12:35,953  - INFO - 清空文本框内容: //*[@id="password"]...
2018-11-19 17:12:37,014  - INFO - 输入内容方式 by xpath: //*[@id="password"]...
2018-11-19 17:12:37,014  - INFO - 输入内容: Pa$$w0rd
2018-11-19 17:12:41,093  - INFO - 点击元素 by xpath: //*[@id="loginForm"]/div[2]/div[2]/input...
2018-11-19 17:12:44,177  - INFO - 点击元素 by xpath: /html/body/ion-side-menus/ion-side-menu-content/ion-nav-view/ion-view/ion-tabs/ion-nav-view/ion-view/ion-nav-view/ion-view/ion-content/div[1]/ion-list/div/ion-item[1]...
2018-11-19 17:12:48,287  - INFO - 点击元素 by xpath: /html/body/ion-side-menus/ion-side-menu-content/ion-nav-view/ion-view[2]/ion-tabs/div[1]/ion-scroll/div/div/a[2]/span...
2018-11-19 17:12:50,880  - INFO - 页面已截图，截图的路径在项目: /screenshots路径下
2018-11-19 17:12:50,880  - INFO - 点击元素 by xpath: /html/body/ion-side-menus/ion-side-menu-content/ion-nav-view/ion-view[2]/ion-tabs/div[2]/div/ion-footer-bar/button...
2018-11-19 17:13:21,328  - WARNING - 查找元素超时: /html/body/ion-side-menus/ion-side-menu-content/ion-nav-view/ion-view[2]/ion-tabs/div[2]/div/ion-footer-bar/button
2018-11-19 17:13:23,461  - INFO - 选择的浏览器为: Chrome 浏览器
2018-11-19 17:13:23,772  - INFO - 打开的URL为: http://10.2.87.115:8089/www/#/login
2018-11-19 17:13:25,962  - INFO - 启动谷歌浏览器
2018-11-19 17:13:26,645  - INFO - 打开URL: http://10.2.87.115:8089/www/#/login
2018-11-19 17:13:27,769  - INFO - 全屏当前窗口
2018-11-19 17:13:27,770  - INFO - 设置5秒隐式等待时间
2018-11-19 17:13:27,770  - INFO - 清空文本框内容: //*[@id="loginForm"]/div[2]/label[1]/input...
2018-11-19 17:13:28,868  - INFO - 输入内容方式 by xpath: //*[@id="loginForm"]/div[2]/label[1]/input...
2018-11-19 17:13:28,868  - INFO - 输入内容: wangxiaojie
2018-11-19 17:13:30,963  - INFO - 清空文本框内容: //*[@id="password"]...
2018-11-19 17:13:32,025  - INFO - 输入内容方式 by xpath: //*[@id="password"]...
2018-11-19 17:13:32,025  - INFO - 输入内容: Pa$$w0rd
2018-11-19 17:13:36,107  - INFO - 点击元素 by xpath: //*[@id="loginForm"]/div[2]/div[2]/input...
2018-11-19 17:13:39,199  - INFO - 点击元素 by xpath: /html/body/ion-side-menus/ion-side-menu-content/ion-nav-view/ion-view/ion-tabs/ion-nav-view/ion-view/ion-nav-view/ion-view/ion-content/div[1]/ion-list/div/ion-item[1]...
2018-11-19 17:13:43,291  - INFO - 点击元素 by xpath: /html/body/ion-side-menus/ion-side-menu-content/ion-nav-view/ion-view[2]/ion-tabs/div[1]/ion-scroll/div/div/a[2]/span...
2018-11-19 17:13:45,900  - INFO - 页面已截图，截图的路径在项目: /screenshots路径下
2018-11-19 17:13:45,900  - INFO - 点击元素 by xpath: /html/body/ion-side-menus/ion-side-menu-content/ion-nav-view/ion-view[2]/ion-tabs/div[2]/div/ion-footer-bar/button...
