2018-11-17 01:52:30,951  - INFO - 选择的浏览器为: Chrome 浏览器
2018-11-17 01:52:30,951  - INFO - 打开的URL为: http://cloudoa.hq.cmcc/cmoa-webapp1/customlogin/login.jsp
2018-11-17 01:52:33,134  - INFO - 启动谷歌浏览器
2018-11-17 01:52:33,405  - INFO - 打开URL: http://cloudoa.hq.cmcc/cmoa-webapp1/customlogin/login.jsp
2018-11-17 01:52:34,537  - INFO - 全屏当前窗口
2018-11-17 01:52:34,542  - INFO - 设置5秒隐式等待时间
2018-11-17 01:52:34,542  - INFO - 清空文本框内容: userName...
2018-11-17 01:52:35,615  - INFO - 输入内容方式 by name: userName...
2018-11-17 01:52:35,615  - INFO - 输入内容: fangli
2018-11-17 01:52:37,695  - INFO - 清空文本框内容: password...
2018-11-17 01:52:38,752  - INFO - 输入内容方式 by name: password...
2018-11-17 01:52:38,752  - INFO - 输入内容: cmcc1qaz2wsx
2018-11-17 01:52:40,823  - INFO - 点击元素 by name: loginButton...
2018-11-17 01:52:45,389  - INFO - 点击元素 by id: gViewCloseBtnGViewInfo...
2018-11-17 01:52:50,644  - INFO - 点击元素 by id: processFormSubmitNext...
2018-11-17 01:52:57,094  - INFO - 点击元素 by id: processFormSubmitNext...
2018-11-17 01:53:00,579  - INFO - 关闭浏览器窗口
2018-11-17 01:53:00,581  - INFO - 选择的浏览器为: Chrome 浏览器
2018-11-17 01:53:00,582  - INFO - 打开的URL为: http://cloudoa.hq.cmcc/cmoa-webapp1/customlogin/login.jsp
2018-11-17 01:53:02,786  - INFO - 启动谷歌浏览器
2018-11-17 01:53:03,067  - INFO - 打开URL: http://cloudoa.hq.cmcc/cmoa-webapp1/customlogin/login.jsp
2018-11-17 01:53:04,194  - INFO - 全屏当前窗口
2018-11-17 01:53:04,197  - INFO - 设置5秒隐式等待时间
2018-11-17 01:53:04,198  - INFO - 清空文本框内容: userName...
2018-11-17 01:53:05,286  - INFO - 输入内容方式 by name: userName...
2018-11-17 01:53:05,286  - INFO - 输入内容: yuchengzh
2018-11-17 01:53:07,374  - INFO - 清空文本框内容: password...
2018-11-17 01:53:08,430  - INFO - 输入内容方式 by name: password...
2018-11-17 01:53:08,430  - INFO - 输入内容: cmcc1qaz2wsx
2018-11-17 01:53:10,509  - INFO - 点击元素 by name: loginButton...
2018-11-17 01:53:13,091  - INFO - 点击元素 by id: gViewCloseBtnGViewInfo...
2018-11-17 01:53:25,887  - ERROR - 无法点击元素: 'NoneType' object has no attribute 'is_displayed'
