2018-11-17 01:48:03,548  - INFO - 选择的浏览器为: Chrome 浏览器
2018-11-17 01:48:03,548  - INFO - 打开的URL为: http://cloudoa.hq.cmcc/cmoa-webapp1/customlogin/login.jsp
2018-11-17 01:48:05,707  - INFO - 启动谷歌浏览器
2018-11-17 01:48:06,011  - INFO - 打开URL: http://cloudoa.hq.cmcc/cmoa-webapp1/customlogin/login.jsp
2018-11-17 01:48:07,147  - INFO - 全屏当前窗口
2018-11-17 01:48:07,148  - INFO - 设置5秒隐式等待时间
2018-11-17 01:48:07,149  - INFO - 清空文本框内容: userName...
2018-11-17 01:48:08,225  - INFO - 输入内容方式 by name: userName...
2018-11-17 01:48:08,225  - INFO - 输入内容: daizhong
2018-11-17 01:48:10,323  - INFO - 清空文本框内容: password...
2018-11-17 01:48:11,382  - INFO - 输入内容方式 by name: password...
2018-11-17 01:48:11,382  - INFO - 输入内容: cmcc1qaz2wsx
2018-11-17 01:48:13,458  - INFO - 点击元素 by name: loginButton...
2018-11-17 01:48:18,076  - INFO - 点击元素 by id: gViewCloseBtnGViewInfo...
2018-11-17 01:48:23,357  - INFO - 点击元素 by id: processFormSubmitNext...
2018-11-17 01:48:29,788  - INFO - 点击元素 by id: processFormSubmitNext...
2018-11-17 01:48:35,174  - INFO - 关闭浏览器窗口
2018-11-17 01:48:35,176  - INFO - 选择的浏览器为: Chrome 浏览器
2018-11-17 01:48:35,176  - INFO - 打开的URL为: http://cloudoa.hq.cmcc/cmoa-webapp1/customlogin/login.jsp
2018-11-17 01:48:37,346  - INFO - 启动谷歌浏览器
2018-11-17 01:48:37,604  - INFO - 打开URL: http://cloudoa.hq.cmcc/cmoa-webapp1/customlogin/login.jsp
2018-11-17 01:48:38,744  - INFO - 全屏当前窗口
2018-11-17 01:48:38,744  - INFO - 设置5秒隐式等待时间
2018-11-17 01:48:38,744  - INFO - 清空文本框内容: userName...
2018-11-17 01:48:39,814  - INFO - 输入内容方式 by name: userName...
2018-11-17 01:48:39,814  - INFO - 输入内容: wangxiaojie
2018-11-17 01:48:41,890  - INFO - 清空文本框内容: password...
2018-11-17 01:48:42,940  - INFO - 输入内容方式 by name: password...
2018-11-17 01:48:42,941  - INFO - 输入内容: cmcc1qaz2wsx
2018-11-17 01:48:45,018  - INFO - 点击元素 by name: loginButton...
2018-11-17 01:48:49,590  - INFO - 点击元素 by id: gViewCloseBtnGViewInfo...
2018-11-17 01:48:54,859  - INFO - 点击元素 by id: processFormSubmitNext...
2018-11-17 01:49:28,611  - INFO - 页面已截图，截图的路径在项目: /screenshots路径下
2018-11-17 01:49:30,687  - INFO - 关闭浏览器窗口
2018-11-17 01:49:30,689  - INFO - 选择的浏览器为: Chrome 浏览器
2018-11-17 01:49:30,689  - INFO - 打开的URL为: http://cloudoa.hq.cmcc/cmoa-webapp1/customlogin/login.jsp
2018-11-17 01:49:32,840  - INFO - 启动谷歌浏览器
2018-11-17 01:49:33,108  - INFO - 打开URL: http://cloudoa.hq.cmcc/cmoa-webapp1/customlogin/login.jsp
2018-11-17 01:49:34,231  - INFO - 全屏当前窗口
2018-11-17 01:49:34,232  - INFO - 设置5秒隐式等待时间
2018-11-17 01:49:34,232  - INFO - 清空文本框内容: userName...
2018-11-17 01:49:35,299  - INFO - 输入内容方式 by name: userName...
2018-11-17 01:49:35,299  - INFO - 输入内容: yanglin
2018-11-17 01:49:37,372  - INFO - 清空文本框内容: password...
2018-11-17 01:49:38,425  - INFO - 输入内容方式 by name: password...
2018-11-17 01:49:38,425  - INFO - 输入内容: cmcc1qaz2wsx
2018-11-17 01:49:40,492  - INFO - 点击元素 by name: loginButton...
2018-11-17 01:49:45,471  - INFO - 点击元素 by id: gViewCloseBtnGViewInfo...
2018-11-17 01:49:52,979  - INFO - 页面已截图，截图的路径在项目: /screenshots路径下
2018-11-17 01:49:53,159  - INFO - 关闭浏览器窗口
2018-11-17 01:49:53,160  - INFO - 选择的浏览器为: Chrome 浏览器
2018-11-17 01:49:53,160  - INFO - 打开的URL为: http://cloudoa.hq.cmcc/cmoa-webapp1/customlogin/login.jsp
2018-11-17 01:49:55,534  - INFO - 启动谷歌浏览器
2018-11-17 01:49:55,798  - INFO - 打开URL: http://cloudoa.hq.cmcc/cmoa-webapp1/customlogin/login.jsp
2018-11-17 01:49:56,934  - INFO - 全屏当前窗口
2018-11-17 01:49:56,937  - INFO - 设置5秒隐式等待时间
2018-11-17 01:49:56,937  - INFO - 清空文本框内容: userName...
2018-11-17 01:49:58,009  - INFO - 输入内容方式 by name: userName...
2018-11-17 01:49:58,009  - INFO - 输入内容: weibing
2018-11-17 01:50:00,093  - INFO - 清空文本框内容: password...
2018-11-17 01:50:01,149  - INFO - 输入内容方式 by name: password...
2018-11-17 01:50:01,149  - INFO - 输入内容: cmcc1qaz2wsx
2018-11-17 01:50:03,221  - INFO - 点击元素 by name: loginButton...
2018-11-17 01:50:07,794  - INFO - 点击元素 by id: gViewCloseBtnGViewInfo...
2018-11-17 01:50:13,061  - INFO - 点击元素 by id: processFormSubmitNext...
2018-11-17 01:50:19,577  - INFO - 点击元素 by id: processFormSubmitNext...
2018-11-17 01:50:23,099  - INFO - 关闭浏览器窗口
2018-11-17 01:50:23,100  - INFO - 选择的浏览器为: Chrome 浏览器
2018-11-17 01:50:23,101  - INFO - 打开的URL为: http://cloudoa.hq.cmcc/cmoa-webapp1/customlogin/login.jsp
2018-11-17 01:50:25,251  - INFO - 启动谷歌浏览器
2018-11-17 01:50:25,633  - INFO - 打开URL: http://cloudoa.hq.cmcc/cmoa-webapp1/customlogin/login.jsp
2018-11-17 01:50:26,763  - INFO - 全屏当前窗口
2018-11-17 01:50:26,764  - INFO - 设置5秒隐式等待时间
2018-11-17 01:50:26,764  - INFO - 清空文本框内容: userName...
2018-11-17 01:50:27,842  - INFO - 输入内容方式 by name: userName...
2018-11-17 01:50:27,842  - INFO - 输入内容: fangli
2018-11-17 01:50:29,916  - INFO - 清空文本框内容: password...
2018-11-17 01:50:30,973  - INFO - 输入内容方式 by name: password...
2018-11-17 01:50:30,973  - INFO - 输入内容: cmcc1qaz2wsx
2018-11-17 01:50:33,063  - INFO - 点击元素 by name: loginButton...
2018-11-17 01:50:37,772  - INFO - 点击元素 by id: gViewCloseBtnGViewInfo...
2018-11-17 01:50:43,116  - INFO - 点击元素 by id: processFormSubmitNext...
2018-11-17 01:50:49,573  - INFO - 点击元素 by id: processFormSubmitNext...
2018-11-17 01:50:54,989  - INFO - 关闭浏览器窗口
2018-11-17 01:50:54,991  - INFO - 选择的浏览器为: Chrome 浏览器
2018-11-17 01:50:54,991  - INFO - 打开的URL为: http://cloudoa.hq.cmcc/cmoa-webapp1/customlogin/login.jsp
2018-11-17 01:50:57,219  - INFO - 启动谷歌浏览器
2018-11-17 01:50:57,481  - INFO - 打开URL: http://cloudoa.hq.cmcc/cmoa-webapp1/customlogin/login.jsp
2018-11-17 01:50:58,675  - INFO - 全屏当前窗口
2018-11-17 01:50:58,677  - INFO - 设置5秒隐式等待时间
2018-11-17 01:50:58,678  - INFO - 清空文本框内容: userName...
2018-11-17 01:50:59,760  - INFO - 输入内容方式 by name: userName...
2018-11-17 01:50:59,760  - INFO - 输入内容: yuchengzh
2018-11-17 01:51:01,848  - INFO - 清空文本框内容: password...
2018-11-17 01:51:02,901  - INFO - 输入内容方式 by name: password...
2018-11-17 01:51:02,901  - INFO - 输入内容: cmcc1qaz2wsx
2018-11-17 01:51:04,979  - INFO - 点击元素 by name: loginButton...
2018-11-17 01:51:07,587  - INFO - 点击元素 by id: gViewCloseBtnGViewInfo...
2018-11-17 01:51:40,802  - WARNING - 查找元素超时: gViewCloseBtnGViewInfo
