2018-11-19 17:35:31,378  - INFO - 选择的浏览器为: Chrome 浏览器
2018-11-19 17:35:31,378  - INFO - 打开的URL为: http://10.2.87.115:8089/www/#/login
2018-11-19 17:35:33,598  - INFO - 启动谷歌浏览器
2018-11-19 17:35:34,155  - INFO - 打开URL: http://10.2.87.115:8089/www/#/login
2018-11-19 17:35:35,289  - INFO - 全屏当前窗口
2018-11-19 17:35:35,290  - INFO - 设置5秒隐式等待时间
2018-11-19 17:35:35,290  - INFO - 清空文本框内容: //*[@id="loginForm"]/div[2]/label[1]/input...
2018-11-19 17:35:36,361  - INFO - 输入内容方式 by xpath: //*[@id="loginForm"]/div[2]/label[1]/input...
2018-11-19 17:35:36,361  - INFO - 输入内容: daizhong
2018-11-19 17:35:38,447  - INFO - 清空文本框内容: //*[@id="password"]...
2018-11-19 17:35:39,506  - INFO - 输入内容方式 by xpath: //*[@id="password"]...
2018-11-19 17:35:39,506  - INFO - 输入内容: Pa$$w0rd
2018-11-19 17:35:43,583  - INFO - 点击元素 by css selector: input.button...
2018-11-19 17:35:46,660  - INFO - 点击元素 by xpath: /html/body/ion-side-menus/ion-side-menu-content/ion-nav-view/ion-view/ion-tabs/ion-nav-view/ion-view/ion-nav-view/ion-view/ion-content/div[1]/ion-list/div/ion-item[1]...
2018-11-19 17:35:50,760  - INFO - 点击元素 by xpath: /html/body/ion-side-menus/ion-side-menu-content/ion-nav-view/ion-view[2]/ion-tabs/div[1]/ion-scroll/div/div/a[2]/span...
2018-11-19 17:35:53,322  - INFO - 页面已截图，截图的路径在项目: /screenshots路径下
2018-11-19 17:35:53,322  - INFO - 点击元素 by xpath: /html/body/ion-side-menus/ion-side-menu-content/ion-nav-view/ion-view[2]/ion-tabs/div[3]/div/ion-footer-bar...
2018-11-19 17:35:55,903  - INFO - 页面已截图，截图的路径在项目: /screenshots路径下
2018-11-19 17:35:58,122  - INFO - 选择的浏览器为: Chrome 浏览器
2018-11-19 17:35:58,122  - INFO - 打开的URL为: http://10.2.87.115:8089/www/#/login
2018-11-19 17:36:00,354  - INFO - 启动谷歌浏览器
2018-11-19 17:36:01,123  - INFO - 打开URL: http://10.2.87.115:8089/www/#/login
2018-11-19 17:36:02,241  - INFO - 全屏当前窗口
2018-11-19 17:36:02,242  - INFO - 设置5秒隐式等待时间
2018-11-19 17:36:02,242  - INFO - 清空文本框内容: //*[@id="loginForm"]/div[2]/label[1]/input...
2018-11-19 17:36:03,324  - INFO - 输入内容方式 by xpath: //*[@id="loginForm"]/div[2]/label[1]/input...
2018-11-19 17:36:03,324  - INFO - 输入内容: wangxiaojie
2018-11-19 17:36:05,432  - INFO - 清空文本框内容: //*[@id="password"]...
2018-11-19 17:36:06,489  - INFO - 输入内容方式 by xpath: //*[@id="password"]...
2018-11-19 17:36:06,489  - INFO - 输入内容: Pa$$w0rd
2018-11-19 17:36:10,572  - INFO - 点击元素 by css selector: input.button...
2018-11-19 17:36:13,653  - INFO - 点击元素 by xpath: /html/body/ion-side-menus/ion-side-menu-content/ion-nav-view/ion-view/ion-tabs/ion-nav-view/ion-view/ion-nav-view/ion-view/ion-content/div[1]/ion-list/div/ion-item[1]...
