2018-11-17 01:40:24,276  - INFO - 选择的浏览器为: Chrome 浏览器
2018-11-17 01:40:24,277  - INFO - 打开的URL为: http://cloudoa.hq.cmcc/cmoa-webapp1/customlogin/login.jsp
2018-11-17 01:40:26,391  - INFO - 启动谷歌浏览器
2018-11-17 01:40:26,645  - INFO - 打开URL: http://cloudoa.hq.cmcc/cmoa-webapp1/customlogin/login.jsp
2018-11-17 01:40:27,775  - INFO - 全屏当前窗口
2018-11-17 01:40:27,776  - INFO - 设置5秒隐式等待时间
2018-11-17 01:40:27,777  - INFO - 清空文本框内容: userName...
2018-11-17 01:40:28,859  - INFO - 输入内容方式 by name: userName...
2018-11-17 01:40:28,859  - INFO - 输入内容: daizhong
2018-11-17 01:40:30,940  - INFO - 清空文本框内容: password...
2018-11-17 01:40:32,001  - INFO - 输入内容方式 by name: password...
2018-11-17 01:40:32,001  - INFO - 输入内容: cmcc1qaz2wsx
2018-11-17 01:40:34,088  - INFO - 点击元素 by name: loginButton...
2018-11-17 01:40:38,643  - INFO - 点击元素 by id: gViewCloseBtnGViewInfo...
2018-11-17 01:40:43,939  - INFO - 点击元素 by id: processFormSubmitNext...
2018-11-17 01:40:50,399  - INFO - 点击元素 by id: processFormSubmitNext...
2018-11-17 01:40:55,772  - INFO - 关闭浏览器窗口
2018-11-17 01:40:55,774  - INFO - 选择的浏览器为: Chrome 浏览器
2018-11-17 01:40:55,774  - INFO - 打开的URL为: http://cloudoa.hq.cmcc/cmoa-webapp1/customlogin/login.jsp
2018-11-17 01:40:57,923  - INFO - 启动谷歌浏览器
2018-11-17 01:40:58,185  - INFO - 打开URL: http://cloudoa.hq.cmcc/cmoa-webapp1/customlogin/login.jsp
2018-11-17 01:40:59,321  - INFO - 全屏当前窗口
2018-11-17 01:40:59,324  - INFO - 设置5秒隐式等待时间
2018-11-17 01:40:59,324  - INFO - 清空文本框内容: userName...
2018-11-17 01:41:00,419  - INFO - 输入内容方式 by name: userName...
2018-11-17 01:41:00,419  - INFO - 输入内容: wangxiaojie
2018-11-17 01:41:02,531  - INFO - 清空文本框内容: password...
2018-11-17 01:41:03,588  - INFO - 输入内容方式 by name: password...
2018-11-17 01:41:03,588  - INFO - 输入内容: cmcc1qaz2wsx
2018-11-17 01:41:05,664  - INFO - 点击元素 by name: loginButton...
2018-11-17 01:41:10,242  - INFO - 点击元素 by id: gViewCloseBtnGViewInfo...
2018-11-17 01:41:15,485  - INFO - 点击元素 by id: processFormSubmitNext...
