2018-11-19 15:19:39,908  - INFO - 选择的浏览器为: Chrome 浏览器
2018-11-19 15:19:39,908  - INFO - 打开的URL为: http://10.2.87.115:8089/www/#/login
2018-11-19 15:19:42,094  - INFO - 启动谷歌浏览器
2018-11-19 15:19:42,896  - INFO - 打开URL: http://10.2.87.115:8089/www/#/login
2018-11-19 15:19:44,020  - INFO - 全屏当前窗口
2018-11-19 15:19:44,021  - INFO - 设置5秒隐式等待时间
2018-11-19 15:19:44,021  - INFO - 清空文本框内容: //*[@id="loginForm"]/div[2]/label[1]/input...
2018-11-19 15:19:45,099  - INFO - 输入内容方式 by xpath: //*[@id="loginForm"]/div[2]/label[1]/input...
2018-11-19 15:19:45,099  - INFO - 输入内容: daizhong
2018-11-19 15:19:47,201  - INFO - 清空文本框内容: //*[@id="password"]...
2018-11-19 15:19:48,255  - INFO - 输入内容方式 by xpath: //*[@id="password"]...
2018-11-19 15:19:48,255  - INFO - 输入内容: Pa$$w0rd
2018-11-19 15:19:50,338  - INFO - 点击元素 by xpath: //*[@id="loginForm"]/div[2]/div[2]/input...
2018-11-19 15:19:52,417  - INFO - 点击元素 by xpath: /html/body/ion-side-menus/ion-side-menu-content/ion-nav-view/ion-view/ion-tabs/ion-nav-view/ion-view/ion-nav-view/ion-view/ion-content/div[1]/ion-list/div/ion-item[2]...
2018-11-19 15:20:04,525  - INFO - 选择的浏览器为: Chrome 浏览器
2018-11-19 15:20:04,525  - INFO - 打开的URL为: http://10.2.87.115:8089/www/#/login
2018-11-19 15:20:06,669  - INFO - 启动谷歌浏览器
2018-11-19 15:20:07,431  - INFO - 打开URL: http://10.2.87.115:8089/www/#/login
2018-11-19 15:20:08,566  - INFO - 全屏当前窗口
2018-11-19 15:20:08,567  - INFO - 设置5秒隐式等待时间
2018-11-19 15:20:08,567  - INFO - 清空文本框内容: //*[@id="loginForm"]/div[2]/label[1]/input...
2018-11-19 15:20:09,638  - INFO - 输入内容方式 by xpath: //*[@id="loginForm"]/div[2]/label[1]/input...
2018-11-19 15:20:09,638  - INFO - 输入内容: wangxiaojie
2018-11-19 15:20:11,745  - INFO - 清空文本框内容: //*[@id="password"]...
2018-11-19 15:20:12,802  - INFO - 输入内容方式 by xpath: //*[@id="password"]...
2018-11-19 15:20:12,802  - INFO - 输入内容: Pa$$w0rd
2018-11-19 15:20:14,891  - INFO - 点击元素 by xpath: //*[@id="loginForm"]/div[2]/div[2]/input...
2018-11-19 15:20:16,974  - INFO - 点击元素 by xpath: /html/body/ion-side-menus/ion-side-menu-content/ion-nav-view/ion-view/ion-tabs/ion-nav-view/ion-view/ion-nav-view/ion-view/ion-content/div[1]/ion-list/div/ion-item[2]...
2018-11-19 15:20:29,085  - INFO - 选择的浏览器为: Chrome 浏览器
2018-11-19 15:20:29,085  - INFO - 打开的URL为: http://10.2.87.115:8089/www/#/login
2018-11-19 15:20:31,253  - INFO - 启动谷歌浏览器
2018-11-19 15:20:32,110  - INFO - 打开URL: http://10.2.87.115:8089/www/#/login
2018-11-19 15:20:33,242  - INFO - 全屏当前窗口
2018-11-19 15:20:33,243  - INFO - 设置5秒隐式等待时间
2018-11-19 15:20:33,243  - INFO - 清空文本框内容: //*[@id="loginForm"]/div[2]/label[1]/input...
2018-11-19 15:20:34,323  - INFO - 输入内容方式 by xpath: //*[@id="loginForm"]/div[2]/label[1]/input...
2018-11-19 15:20:34,323  - INFO - 输入内容: yanglin
2018-11-19 15:20:36,418  - INFO - 清空文本框内容: //*[@id="password"]...
2018-11-19 15:20:37,474  - INFO - 输入内容方式 by xpath: //*[@id="password"]...
2018-11-19 15:20:37,474  - INFO - 输入内容: Pa$$w0rd
2018-11-19 15:20:39,555  - INFO - 点击元素 by xpath: //*[@id="loginForm"]/div[2]/div[2]/input...
2018-11-19 15:20:41,631  - INFO - 点击元素 by xpath: /html/body/ion-side-menus/ion-side-menu-content/ion-nav-view/ion-view/ion-tabs/ion-nav-view/ion-view/ion-nav-view/ion-view/ion-content/div[1]/ion-list/div/ion-item[2]...
2018-11-19 15:21:14,821  - WARNING - 查找元素超时: /html/body/ion-side-menus/ion-side-menu-content/ion-nav-view/ion-view/ion-tabs/ion-nav-view/ion-view/ion-nav-view/ion-view/ion-content/div[1]/ion-list/div/ion-item[2]
