2018-11-19 15:28:43,963  - INFO - 选择的浏览器为: Chrome 浏览器
2018-11-19 15:28:43,963  - INFO - 打开的URL为: http://10.2.87.115:8089/www/#/login
2018-11-19 15:28:46,142  - INFO - 启动谷歌浏览器
2018-11-19 15:28:47,026  - INFO - 打开URL: http://10.2.87.115:8089/www/#/login
2018-11-19 15:28:48,155  - INFO - 全屏当前窗口
2018-11-19 15:28:48,156  - INFO - 设置5秒隐式等待时间
2018-11-19 15:28:48,156  - INFO - 清空文本框内容: //*[@id="loginForm"]/div[2]/label[1]/input...
2018-11-19 15:28:49,235  - INFO - 输入内容方式 by xpath: //*[@id="loginForm"]/div[2]/label[1]/input...
2018-11-19 15:28:49,235  - INFO - 输入内容: daizhong
2018-11-19 15:28:51,313  - INFO - 清空文本框内容: //*[@id="password"]...
2018-11-19 15:28:52,372  - INFO - 输入内容方式 by xpath: //*[@id="password"]...
2018-11-19 15:28:52,372  - INFO - 输入内容: Pa$$w0rd
2018-11-19 15:28:54,451  - INFO - 点击元素 by xpath: //*[@id="loginForm"]/div[2]/div[2]/input...
2018-11-19 15:28:56,525  - INFO - 点击元素 by xpath: /html/body/ion-side-menus/ion-side-menu-content/ion-nav-view/ion-view/ion-tabs/ion-nav-view/ion-view/ion-nav-view/ion-view/ion-content/div[1]/ion-list/div/ion-item[1]...
2018-11-19 15:29:00,791  - INFO - 选择的浏览器为: Chrome 浏览器
2018-11-19 15:29:00,791  - INFO - 打开的URL为: http://10.2.87.115:8089/www/#/login
2018-11-19 15:29:02,966  - INFO - 启动谷歌浏览器
2018-11-19 15:29:03,738  - INFO - 打开URL: http://10.2.87.115:8089/www/#/login
2018-11-19 15:29:04,857  - INFO - 全屏当前窗口
2018-11-19 15:29:04,858  - INFO - 设置5秒隐式等待时间
2018-11-19 15:29:04,858  - INFO - 清空文本框内容: //*[@id="loginForm"]/div[2]/label[1]/input...
2018-11-19 15:29:05,936  - INFO - 输入内容方式 by xpath: //*[@id="loginForm"]/div[2]/label[1]/input...
2018-11-19 15:29:05,936  - INFO - 输入内容: wangxiaojie
2018-11-19 15:29:08,042  - INFO - 清空文本框内容: //*[@id="password"]...
2018-11-19 15:29:09,093  - INFO - 输入内容方式 by xpath: //*[@id="password"]...
2018-11-19 15:29:09,093  - INFO - 输入内容: Pa$$w0rd
2018-11-19 15:29:11,167  - INFO - 点击元素 by xpath: //*[@id="loginForm"]/div[2]/div[2]/input...
2018-11-19 15:29:13,244  - INFO - 点击元素 by xpath: /html/body/ion-side-menus/ion-side-menu-content/ion-nav-view/ion-view/ion-tabs/ion-nav-view/ion-view/ion-nav-view/ion-view/ion-content/div[1]/ion-list/div/ion-item[1]...
2018-11-19 15:29:17,496  - INFO - 选择的浏览器为: Chrome 浏览器
2018-11-19 15:29:17,497  - INFO - 打开的URL为: http://10.2.87.115:8089/www/#/login
2018-11-19 15:29:19,655  - INFO - 启动谷歌浏览器
2018-11-19 15:29:20,464  - INFO - 打开URL: http://10.2.87.115:8089/www/#/login
2018-11-19 15:29:21,588  - INFO - 全屏当前窗口
2018-11-19 15:29:21,589  - INFO - 设置5秒隐式等待时间
2018-11-19 15:29:21,589  - INFO - 清空文本框内容: //*[@id="loginForm"]/div[2]/label[1]/input...
2018-11-19 15:29:22,656  - INFO - 输入内容方式 by xpath: //*[@id="loginForm"]/div[2]/label[1]/input...
2018-11-19 15:29:22,656  - INFO - 输入内容: yanglin
2018-11-19 15:29:24,736  - INFO - 清空文本框内容: //*[@id="password"]...
2018-11-19 15:29:25,794  - INFO - 输入内容方式 by xpath: //*[@id="password"]...
2018-11-19 15:29:25,794  - INFO - 输入内容: Pa$$w0rd
2018-11-19 15:29:27,879  - INFO - 点击元素 by xpath: //*[@id="loginForm"]/div[2]/div[2]/input...
2018-11-19 15:29:29,964  - INFO - 点击元素 by xpath: /html/body/ion-side-menus/ion-side-menu-content/ion-nav-view/ion-view/ion-tabs/ion-nav-view/ion-view/ion-nav-view/ion-view/ion-content/div[1]/ion-list/div/ion-item[1]...
2018-11-19 15:29:34,223  - INFO - 选择的浏览器为: Chrome 浏览器
2018-11-19 15:29:34,223  - INFO - 打开的URL为: http://10.2.87.115:8089/www/#/login
2018-11-19 15:29:36,384  - INFO - 启动谷歌浏览器
2018-11-19 15:29:37,056  - INFO - 打开URL: http://10.2.87.115:8089/www/#/login
2018-11-19 15:29:38,183  - INFO - 全屏当前窗口
2018-11-19 15:29:38,184  - INFO - 设置5秒隐式等待时间
2018-11-19 15:29:38,185  - INFO - 清空文本框内容: //*[@id="loginForm"]/div[2]/label[1]/input...
2018-11-19 15:29:39,254  - INFO - 输入内容方式 by xpath: //*[@id="loginForm"]/div[2]/label[1]/input...
2018-11-19 15:29:39,254  - INFO - 输入内容: weibing
2018-11-19 15:29:41,326  - INFO - 清空文本框内容: //*[@id="password"]...
2018-11-19 15:29:42,388  - INFO - 输入内容方式 by xpath: //*[@id="password"]...
2018-11-19 15:29:42,388  - INFO - 输入内容: Pa$$w0rd
2018-11-19 15:29:44,467  - INFO - 点击元素 by xpath: //*[@id="loginForm"]/div[2]/div[2]/input...
2018-11-19 15:29:46,545  - INFO - 点击元素 by xpath: /html/body/ion-side-menus/ion-side-menu-content/ion-nav-view/ion-view/ion-tabs/ion-nav-view/ion-view/ion-nav-view/ion-view/ion-content/div[1]/ion-list/div/ion-item[1]...
2018-11-19 15:29:50,808  - INFO - 选择的浏览器为: Chrome 浏览器
2018-11-19 15:29:50,808  - INFO - 打开的URL为: http://10.2.87.115:8089/www/#/login
2018-11-19 15:29:52,997  - INFO - 启动谷歌浏览器
2018-11-19 15:29:53,846  - INFO - 打开URL: http://10.2.87.115:8089/www/#/login
2018-11-19 15:29:54,968  - INFO - 全屏当前窗口
2018-11-19 15:29:54,969  - INFO - 设置5秒隐式等待时间
2018-11-19 15:29:54,969  - INFO - 清空文本框内容: //*[@id="loginForm"]/div[2]/label[1]/input...
2018-11-19 15:29:56,030  - INFO - 输入内容方式 by xpath: //*[@id="loginForm"]/div[2]/label[1]/input...
2018-11-19 15:29:56,030  - INFO - 输入内容: fangli
2018-11-19 15:29:58,107  - INFO - 清空文本框内容: //*[@id="password"]...
2018-11-19 15:29:59,159  - INFO - 输入内容方式 by xpath: //*[@id="password"]...
2018-11-19 15:29:59,159  - INFO - 输入内容: Pa$$w0rd
2018-11-19 15:30:01,236  - INFO - 点击元素 by xpath: //*[@id="loginForm"]/div[2]/div[2]/input...
2018-11-19 15:30:03,318  - INFO - 点击元素 by xpath: /html/body/ion-side-menus/ion-side-menu-content/ion-nav-view/ion-view/ion-tabs/ion-nav-view/ion-view/ion-nav-view/ion-view/ion-content/div[1]/ion-list/div/ion-item[1]...
2018-11-19 15:30:07,617  - INFO - 选择的浏览器为: Chrome 浏览器
2018-11-19 15:30:07,617  - INFO - 打开的URL为: http://10.2.87.115:8089/www/#/login
2018-11-19 15:30:09,764  - INFO - 启动谷歌浏览器
2018-11-19 15:30:10,595  - INFO - 打开URL: http://10.2.87.115:8089/www/#/login
2018-11-19 15:30:11,716  - INFO - 全屏当前窗口
2018-11-19 15:30:11,717  - INFO - 设置5秒隐式等待时间
2018-11-19 15:30:11,717  - INFO - 清空文本框内容: //*[@id="loginForm"]/div[2]/label[1]/input...
2018-11-19 15:30:12,788  - INFO - 输入内容方式 by xpath: //*[@id="loginForm"]/div[2]/label[1]/input...
2018-11-19 15:30:12,788  - INFO - 输入内容: yuchengzh
2018-11-19 15:30:14,873  - INFO - 清空文本框内容: //*[@id="password"]...
2018-11-19 15:30:15,931  - INFO - 输入内容方式 by xpath: //*[@id="password"]...
2018-11-19 15:30:15,931  - INFO - 输入内容: Pa$$w0rd
2018-11-19 15:30:18,004  - INFO - 点击元素 by xpath: //*[@id="loginForm"]/div[2]/div[2]/input...
2018-11-19 15:30:20,084  - INFO - 点击元素 by xpath: /html/body/ion-side-menus/ion-side-menu-content/ion-nav-view/ion-view/ion-tabs/ion-nav-view/ion-view/ion-nav-view/ion-view/ion-content/div[1]/ion-list/div/ion-item[1]...
2018-11-19 15:30:24,248  - ERROR - 无法点击元素: 'NoneType' object has no attribute 'is_displayed'
