2018-11-17 01:46:03,879  - INFO - 选择的浏览器为: Chrome 浏览器
2018-11-17 01:46:03,879  - INFO - 打开的URL为: http://cloudoa.hq.cmcc/cmoa-webapp1/customlogin/login.jsp
2018-11-17 01:46:06,100  - INFO - 启动谷歌浏览器
2018-11-17 01:46:06,361  - INFO - 打开URL: http://cloudoa.hq.cmcc/cmoa-webapp1/customlogin/login.jsp
2018-11-17 01:46:07,486  - INFO - 全屏当前窗口
2018-11-17 01:46:07,487  - INFO - 设置5秒隐式等待时间
2018-11-17 01:46:07,487  - INFO - 清空文本框内容: userName...
2018-11-17 01:46:08,564  - INFO - 输入内容方式 by name: userName...
2018-11-17 01:46:08,564  - INFO - 输入内容: daizhong
2018-11-17 01:46:10,650  - INFO - 清空文本框内容: password...
2018-11-17 01:46:11,705  - INFO - 输入内容方式 by name: password...
2018-11-17 01:46:11,705  - INFO - 输入内容: cmcc1qaz2wsx
2018-11-17 01:46:13,778  - INFO - 点击元素 by name: loginButton...
2018-11-17 01:46:18,322  - INFO - 点击元素 by id: gViewCloseBtnGViewInfo...
2018-11-17 01:46:23,571  - INFO - 点击元素 by id: processFormSubmitNext...
2018-11-17 01:46:30,015  - INFO - 点击元素 by id: processFormSubmitNext...
2018-11-17 01:46:35,365  - INFO - 关闭浏览器窗口
2018-11-17 01:46:35,366  - INFO - 选择的浏览器为: Chrome 浏览器
2018-11-17 01:46:35,366  - INFO - 打开的URL为: http://cloudoa.hq.cmcc/cmoa-webapp1/customlogin/login.jsp
2018-11-17 01:46:37,507  - INFO - 启动谷歌浏览器
2018-11-17 01:46:37,760  - INFO - 打开URL: http://cloudoa.hq.cmcc/cmoa-webapp1/customlogin/login.jsp
2018-11-17 01:46:38,883  - INFO - 全屏当前窗口
2018-11-17 01:46:38,885  - INFO - 设置5秒隐式等待时间
2018-11-17 01:46:38,886  - INFO - 清空文本框内容: userName...
2018-11-17 01:46:39,960  - INFO - 输入内容方式 by name: userName...
2018-11-17 01:46:39,960  - INFO - 输入内容: wangxiaojie
2018-11-17 01:46:42,055  - INFO - 清空文本框内容: password...
2018-11-17 01:46:43,125  - INFO - 输入内容方式 by name: password...
2018-11-17 01:46:43,125  - INFO - 输入内容: cmcc1qaz2wsx
2018-11-17 01:46:45,240  - INFO - 点击元素 by name: loginButton...
2018-11-17 01:46:49,795  - INFO - 点击元素 by id: gViewCloseBtnGViewInfo...
2018-11-17 01:46:55,051  - INFO - 点击元素 by id: processFormSubmitNext...
