2018-11-17 02:01:57,436  - INFO - 选择的浏览器为: Chrome 浏览器
2018-11-17 02:01:57,436  - INFO - 打开的URL为: http://cloudoa.hq.cmcc/cmoa-webapp1/customlogin/login.jsp
2018-11-17 02:01:59,624  - INFO - 启动谷歌浏览器
2018-11-17 02:01:59,905  - INFO - 打开URL: http://cloudoa.hq.cmcc/cmoa-webapp1/customlogin/login.jsp
2018-11-17 02:02:01,025  - INFO - 全屏当前窗口
2018-11-17 02:02:01,026  - INFO - 设置5秒隐式等待时间
2018-11-17 02:02:01,026  - INFO - 清空文本框内容: userName...
2018-11-17 02:02:02,094  - INFO - 输入内容方式 by name: userName...
2018-11-17 02:02:02,095  - INFO - 输入内容: daizhong
2018-11-17 02:02:04,170  - INFO - 清空文本框内容: password...
2018-11-17 02:02:05,223  - INFO - 输入内容方式 by name: password...
2018-11-17 02:02:05,223  - INFO - 输入内容: cmcc1qaz2wsx
2018-11-17 02:02:07,293  - INFO - 点击元素 by name: loginButton...
2018-11-17 02:02:11,917  - INFO - 点击元素 by id: gViewCloseBtnGViewInfo...
2018-11-17 02:02:17,163  - INFO - 点击元素 by id: processFormSubmitNext...
2018-11-17 02:02:23,619  - INFO - 点击元素 by id: processFormSubmitNext...
2018-11-17 02:02:29,006  - INFO - 关闭浏览器窗口
2018-11-17 02:02:29,008  - INFO - 选择的浏览器为: Chrome 浏览器
2018-11-17 02:02:29,008  - INFO - 打开的URL为: http://cloudoa.hq.cmcc/cmoa-webapp1/customlogin/login.jsp
2018-11-17 02:02:31,168  - INFO - 启动谷歌浏览器
2018-11-17 02:02:31,447  - INFO - 打开URL: http://cloudoa.hq.cmcc/cmoa-webapp1/customlogin/login.jsp
2018-11-17 02:02:32,569  - INFO - 全屏当前窗口
2018-11-17 02:02:32,573  - INFO - 设置5秒隐式等待时间
2018-11-17 02:02:32,574  - INFO - 清空文本框内容: userName...
2018-11-17 02:02:33,656  - INFO - 输入内容方式 by name: userName...
2018-11-17 02:02:33,656  - INFO - 输入内容: wangxiaojie
2018-11-17 02:02:35,749  - INFO - 清空文本框内容: password...
2018-11-17 02:02:36,804  - INFO - 输入内容方式 by name: password...
2018-11-17 02:02:36,804  - INFO - 输入内容: cmcc1qaz2wsx
2018-11-17 02:02:38,888  - INFO - 点击元素 by name: loginButton...
2018-11-17 02:02:44,829  - INFO - 点击元素 by id: gViewCloseBtnGViewInfo...
2018-11-17 02:02:50,090  - INFO - 点击元素 by id: processFormSubmitNext...
2018-11-17 02:03:23,829  - INFO - 页面已截图，截图的路径在项目: /screenshots路径下
2018-11-17 02:03:25,906  - INFO - 关闭浏览器窗口
2018-11-17 02:03:25,908  - INFO - 选择的浏览器为: Chrome 浏览器
2018-11-17 02:03:25,908  - INFO - 打开的URL为: http://cloudoa.hq.cmcc/cmoa-webapp1/customlogin/login.jsp
2018-11-17 02:03:28,092  - INFO - 启动谷歌浏览器
2018-11-17 02:03:28,356  - INFO - 打开URL: http://cloudoa.hq.cmcc/cmoa-webapp1/customlogin/login.jsp
2018-11-17 02:03:29,480  - INFO - 全屏当前窗口
2018-11-17 02:03:29,481  - INFO - 设置5秒隐式等待时间
2018-11-17 02:03:29,482  - INFO - 清空文本框内容: userName...
2018-11-17 02:03:30,563  - INFO - 输入内容方式 by name: userName...
2018-11-17 02:03:30,563  - INFO - 输入内容: yanglin
2018-11-17 02:03:32,638  - INFO - 清空文本框内容: password...
2018-11-17 02:03:33,693  - INFO - 输入内容方式 by name: password...
2018-11-17 02:03:33,693  - INFO - 输入内容: cmcc1qaz2wsx
2018-11-17 02:03:35,763  - INFO - 点击元素 by name: loginButton...
2018-11-17 02:03:49,876  - INFO - 点击元素 by id: gViewCloseBtnGViewInfo...
2018-11-17 02:03:55,128  - INFO - 点击元素 by id: processFormSubmitNext...
2018-11-17 02:04:01,477  - INFO - 点击元素 by id: processFormSubmitNext...
2018-11-17 02:04:06,900  - INFO - 关闭浏览器窗口
2018-11-17 02:04:06,902  - INFO - 选择的浏览器为: Chrome 浏览器
2018-11-17 02:04:06,902  - INFO - 打开的URL为: http://cloudoa.hq.cmcc/cmoa-webapp1/customlogin/login.jsp
2018-11-17 02:04:09,044  - INFO - 启动谷歌浏览器
2018-11-17 02:04:09,322  - INFO - 打开URL: http://cloudoa.hq.cmcc/cmoa-webapp1/customlogin/login.jsp
2018-11-17 02:04:10,439  - INFO - 全屏当前窗口
2018-11-17 02:04:10,440  - INFO - 设置5秒隐式等待时间
2018-11-17 02:04:10,440  - INFO - 清空文本框内容: userName...
2018-11-17 02:04:11,515  - INFO - 输入内容方式 by name: userName...
2018-11-17 02:04:11,515  - INFO - 输入内容: weibing
2018-11-17 02:04:13,593  - INFO - 清空文本框内容: password...
2018-11-17 02:04:14,651  - INFO - 输入内容方式 by name: password...
2018-11-17 02:04:14,651  - INFO - 输入内容: cmcc1qaz2wsx
2018-11-17 02:04:16,735  - INFO - 点击元素 by name: loginButton...
2018-11-17 02:04:33,787  - INFO - 点击元素 by id: gViewCloseBtnGViewInfo...
2018-11-17 02:04:39,034  - INFO - 点击元素 by id: processFormSubmitNext...
2018-11-17 02:04:45,485  - INFO - 点击元素 by id: processFormSubmitNext...
2018-11-17 02:04:50,883  - INFO - 关闭浏览器窗口
2018-11-17 02:04:50,884  - INFO - 选择的浏览器为: Chrome 浏览器
2018-11-17 02:04:50,884  - INFO - 打开的URL为: http://cloudoa.hq.cmcc/cmoa-webapp1/customlogin/login.jsp
2018-11-17 02:04:53,037  - INFO - 启动谷歌浏览器
2018-11-17 02:04:53,302  - INFO - 打开URL: http://cloudoa.hq.cmcc/cmoa-webapp1/customlogin/login.jsp
2018-11-17 02:04:54,420  - INFO - 全屏当前窗口
2018-11-17 02:04:54,421  - INFO - 设置5秒隐式等待时间
2018-11-17 02:04:54,421  - INFO - 清空文本框内容: userName...
2018-11-17 02:04:55,503  - INFO - 输入内容方式 by name: userName...
2018-11-17 02:04:55,503  - INFO - 输入内容: fangli
2018-11-17 02:04:57,577  - INFO - 清空文本框内容: password...
2018-11-17 02:04:58,631  - INFO - 输入内容方式 by name: password...
2018-11-17 02:04:58,631  - INFO - 输入内容: cmcc1qaz2wsx
2018-11-17 02:05:00,696  - INFO - 点击元素 by name: loginButton...
2018-11-17 02:05:17,344  - INFO - 点击元素 by id: gViewCloseBtnGViewInfo...
2018-11-17 02:05:22,593  - INFO - 点击元素 by id: processFormSubmitNext...
2018-11-17 02:05:29,106  - INFO - 点击元素 by id: processFormSubmitNext...
2018-11-17 02:05:34,466  - INFO - 关闭浏览器窗口
2018-11-17 02:05:34,467  - INFO - 选择的浏览器为: Chrome 浏览器
2018-11-17 02:05:34,468  - INFO - 打开的URL为: http://cloudoa.hq.cmcc/cmoa-webapp1/customlogin/login.jsp
2018-11-17 02:05:36,628  - INFO - 启动谷歌浏览器
2018-11-17 02:05:36,913  - INFO - 打开URL: http://cloudoa.hq.cmcc/cmoa-webapp1/customlogin/login.jsp
2018-11-17 02:05:38,040  - INFO - 全屏当前窗口
2018-11-17 02:05:38,042  - INFO - 设置5秒隐式等待时间
2018-11-17 02:05:38,042  - INFO - 清空文本框内容: userName...
2018-11-17 02:05:39,113  - INFO - 输入内容方式 by name: userName...
2018-11-17 02:05:39,113  - INFO - 输入内容: yuchengzhi
2018-11-17 02:05:41,212  - INFO - 清空文本框内容: password...
2018-11-17 02:05:42,266  - INFO - 输入内容方式 by name: password...
2018-11-17 02:05:42,266  - INFO - 输入内容: cmcc1qaz2wsx
2018-11-17 02:05:44,342  - INFO - 点击元素 by name: loginButton...
2018-11-17 02:05:48,886  - INFO - 点击元素 by id: gViewCloseBtnGViewInfo...
2018-11-17 02:05:54,135  - INFO - 点击元素 by id: processFormSubmitNext...
2018-11-17 02:06:00,573  - INFO - 点击元素 by id: processFormSubmitNext...
2018-11-17 02:06:05,938  - INFO - 关闭浏览器窗口
2018-11-17 02:06:05,940  - INFO - 选择的浏览器为: Chrome 浏览器
2018-11-17 02:06:05,940  - INFO - 打开的URL为: http://cloudoa.hq.cmcc/cmoa-webapp1/customlogin/login.jsp
2018-11-17 02:06:08,128  - INFO - 启动谷歌浏览器
2018-11-17 02:06:08,395  - INFO - 打开URL: http://cloudoa.hq.cmcc/cmoa-webapp1/customlogin/login.jsp
2018-11-17 02:06:09,516  - INFO - 全屏当前窗口
2018-11-17 02:06:09,517  - INFO - 设置5秒隐式等待时间
2018-11-17 02:06:09,517  - INFO - 清空文本框内容: userName...
2018-11-17 02:06:10,605  - INFO - 输入内容方式 by name: userName...
2018-11-17 02:06:10,605  - INFO - 输入内容: xuhaiyong
2018-11-17 02:06:12,691  - INFO - 清空文本框内容: password...
2018-11-17 02:06:13,748  - INFO - 输入内容方式 by name: password...
2018-11-17 02:06:13,748  - INFO - 输入内容: cmcc1qaz2wsx
2018-11-17 02:06:15,819  - INFO - 点击元素 by name: loginButton...
2018-11-17 02:06:20,412  - INFO - 点击元素 by id: gViewCloseBtnGViewInfo...
2018-11-17 02:06:27,911  - INFO - 页面已截图，截图的路径在项目: /screenshots路径下
2018-11-17 02:06:29,980  - INFO - 关闭浏览器窗口
2018-11-17 02:06:29,982  - INFO - 选择的浏览器为: Chrome 浏览器
2018-11-17 02:06:29,982  - INFO - 打开的URL为: http://cloudoa.hq.cmcc/cmoa-webapp1/customlogin/login.jsp
2018-11-17 02:06:32,142  - INFO - 启动谷歌浏览器
2018-11-17 02:06:32,440  - INFO - 打开URL: http://cloudoa.hq.cmcc/cmoa-webapp1/customlogin/login.jsp
2018-11-17 02:06:33,560  - INFO - 全屏当前窗口
2018-11-17 02:06:33,561  - INFO - 设置5秒隐式等待时间
2018-11-17 02:06:33,561  - INFO - 清空文本框内容: userName...
2018-11-17 02:06:34,634  - INFO - 输入内容方式 by name: userName...
2018-11-17 02:06:34,634  - INFO - 输入内容: taotao
2018-11-17 02:06:36,699  - INFO - 清空文本框内容: password...
2018-11-17 02:06:37,754  - INFO - 输入内容方式 by name: password...
2018-11-17 02:06:37,754  - INFO - 输入内容: 123456
2018-11-17 02:06:39,817  - INFO - 点击元素 by name: loginButton...
2018-11-17 02:06:44,372  - INFO - 点击元素 by id: gViewCloseBtnGViewInfo...
2018-11-17 02:06:49,608  - INFO - 点击元素 by id: processFormSubmitNext...
2018-11-17 02:06:56,078  - INFO - 点击元素 by id: processFormSubmitNext...
2018-11-17 02:07:01,350  - INFO - 关闭浏览器窗口
2018-11-17 02:07:01,353  - INFO - 选择的浏览器为: Chrome 浏览器
2018-11-17 02:07:01,353  - INFO - 打开的URL为: http://cloudoa.hq.cmcc/cmoa-webapp1/customlogin/login.jsp
2018-11-17 02:07:03,662  - INFO - 启动谷歌浏览器
2018-11-17 02:07:03,945  - INFO - 打开URL: http://cloudoa.hq.cmcc/cmoa-webapp1/customlogin/login.jsp
2018-11-17 02:07:05,059  - INFO - 全屏当前窗口
2018-11-17 02:07:05,060  - INFO - 设置5秒隐式等待时间
2018-11-17 02:07:05,060  - INFO - 清空文本框内容: userName...
2018-11-17 02:07:06,138  - INFO - 输入内容方式 by name: userName...
2018-11-17 02:07:06,139  - INFO - 输入内容: xiongwenjian
2018-11-17 02:07:08,228  - INFO - 清空文本框内容: password...
2018-11-17 02:07:09,281  - INFO - 输入内容方式 by name: password...
2018-11-17 02:07:09,281  - INFO - 输入内容: 123456
2018-11-17 02:07:11,340  - INFO - 点击元素 by name: loginButton...
2018-11-17 02:07:14,864  - INFO - 点击元素 by id: gViewCloseBtnGViewInfo...
2018-11-17 02:07:20,117  - INFO - 点击元素 by id: processFormSubmitNext...
2018-11-17 02:07:26,591  - INFO - 点击元素 by id: processFormSubmitNext...
2018-11-17 02:07:32,072  - INFO - 关闭浏览器窗口
2018-11-17 02:07:32,073  - INFO - 选择的浏览器为: Chrome 浏览器
2018-11-17 02:07:32,073  - INFO - 打开的URL为: http://cloudoa.hq.cmcc/cmoa-webapp1/customlogin/login.jsp
2018-11-17 02:07:48,277  - INFO - 启动谷歌浏览器
2018-11-17 02:07:48,578  - INFO - 打开URL: http://cloudoa.hq.cmcc/cmoa-webapp1/customlogin/login.jsp
2018-11-17 02:07:49,722  - INFO - 全屏当前窗口
2018-11-17 02:07:49,724  - INFO - 设置5秒隐式等待时间
2018-11-17 02:07:49,726  - INFO - 清空文本框内容: userName...
2018-11-17 02:07:50,808  - INFO - 输入内容方式 by name: userName...
2018-11-17 02:07:50,808  - INFO - 输入内容: zhangtao
2018-11-17 02:07:52,891  - INFO - 清空文本框内容: password...
2018-11-17 02:07:53,950  - INFO - 输入内容方式 by name: password...
2018-11-17 02:07:53,950  - INFO - 输入内容: cmcc1qaz2wsx
2018-11-17 02:07:56,020  - INFO - 点击元素 by name: loginButton...
2018-11-17 02:08:00,621  - INFO - 点击元素 by id: gViewCloseBtnGViewInfo...
2018-11-17 02:08:05,888  - INFO - 点击元素 by id: processFormSubmitNext...
2018-11-17 02:08:12,244  - INFO - 点击元素 by id: processFormSubmitNext...
2018-11-17 02:08:17,537  - INFO - 关闭浏览器窗口
2018-11-17 02:08:17,538  - INFO - 选择的浏览器为: Chrome 浏览器
2018-11-17 02:08:17,538  - INFO - 打开的URL为: http://cloudoa.hq.cmcc/cmoa-webapp1/customlogin/login.jsp
2018-11-17 02:08:19,757  - INFO - 启动谷歌浏览器
2018-11-17 02:08:20,042  - INFO - 打开URL: http://cloudoa.hq.cmcc/cmoa-webapp1/customlogin/login.jsp
2018-11-17 02:08:21,166  - INFO - 全屏当前窗口
2018-11-17 02:08:21,168  - INFO - 设置5秒隐式等待时间
2018-11-17 02:08:21,169  - INFO - 清空文本框内容: userName...
2018-11-17 02:08:22,245  - INFO - 输入内容方式 by name: userName...
2018-11-17 02:08:22,245  - INFO - 输入内容: yejianfei
2018-11-17 02:08:24,338  - INFO - 清空文本框内容: password...
2018-11-17 02:08:25,388  - INFO - 输入内容方式 by name: password...
2018-11-17 02:08:25,388  - INFO - 输入内容: cmcc1qaz2wsx
2018-11-17 02:08:27,468  - INFO - 点击元素 by name: loginButton...
2018-11-17 02:08:32,077  - INFO - 点击元素 by id: gViewCloseBtnGViewInfo...
2018-11-17 02:08:37,347  - INFO - 点击元素 by id: processFormSubmitNext...
2018-11-17 02:09:11,113  - INFO - 页面已截图，截图的路径在项目: /screenshots路径下
2018-11-17 02:09:13,180  - INFO - 关闭浏览器窗口
