2018-11-17 01:08:36,674  - INFO - 选择的浏览器为: Chrome 浏览器
2018-11-17 01:08:36,675  - INFO - 打开的URL为: http://cloudoa.hq.cmcc/cmoa-webapp1/customlogin/login.jsp
2018-11-17 01:08:38,835  - INFO - 启动谷歌浏览器
2018-11-17 01:08:39,097  - INFO - 打开URL: http://cloudoa.hq.cmcc/cmoa-webapp1/customlogin/login.jsp
2018-11-17 01:08:40,226  - INFO - 全屏当前窗口
2018-11-17 01:08:40,230  - INFO - 设置5秒隐式等待时间
2018-11-17 01:08:40,230  - INFO - 清空文本框内容: userName...
2018-11-17 01:08:41,301  - INFO - 输入内容方式 by name: userName...
2018-11-17 01:08:41,302  - INFO - 输入内容: daizhong
2018-11-17 01:08:43,384  - INFO - 清空文本框内容: password...
2018-11-17 01:08:44,438  - INFO - 输入内容方式 by name: password...
2018-11-17 01:08:44,438  - INFO - 输入内容: cmcc1qaz2wsx
2018-11-17 01:08:46,509  - INFO - 点击元素 by name: loginButton...
2018-11-17 01:09:02,127  - INFO - 点击元素 by id: gViewCloseBtnGViewInfo...
2018-11-17 01:09:02,131  - INFO - 选择的浏览器为: Chrome 浏览器
2018-11-17 01:09:02,131  - INFO - 打开的URL为: http://cloudoa.hq.cmcc/cmoa-webapp1/customlogin/login.jsp
2018-11-17 01:09:04,293  - INFO - 启动谷歌浏览器
2018-11-17 01:09:04,557  - INFO - 打开URL: http://cloudoa.hq.cmcc/cmoa-webapp1/customlogin/login.jsp
2018-11-17 01:09:05,679  - INFO - 全屏当前窗口
2018-11-17 01:09:05,680  - INFO - 设置5秒隐式等待时间
2018-11-17 01:09:05,680  - INFO - 清空文本框内容: userName...
2018-11-17 01:09:06,751  - INFO - 输入内容方式 by name: userName...
2018-11-17 01:09:06,751  - INFO - 输入内容: daizhong
2018-11-17 01:09:08,831  - INFO - 清空文本框内容: password...
2018-11-17 01:09:09,886  - INFO - 输入内容方式 by name: password...
2018-11-17 01:09:09,886  - INFO - 输入内容: cmcc1qaz2wsx
2018-11-17 01:09:11,960  - INFO - 点击元素 by name: loginButton...
