2018-11-19 17:33:17,260  - INFO - 选择的浏览器为: Chrome 浏览器
2018-11-19 17:33:17,260  - INFO - 打开的URL为: http://10.2.87.115:8089/www/#/login
2018-11-19 17:33:19,409  - INFO - 启动谷歌浏览器
2018-11-19 17:33:20,300  - INFO - 打开URL: http://10.2.87.115:8089/www/#/login
2018-11-19 17:33:21,425  - INFO - 全屏当前窗口
2018-11-19 17:33:21,427  - INFO - 设置5秒隐式等待时间
2018-11-19 17:33:21,427  - INFO - 清空文本框内容: //*[@id="loginForm"]/div[2]/label[1]/input...
2018-11-19 17:33:22,503  - INFO - 输入内容方式 by xpath: //*[@id="loginForm"]/div[2]/label[1]/input...
2018-11-19 17:33:22,503  - INFO - 输入内容: daizhong
2018-11-19 17:33:24,592  - INFO - 清空文本框内容: //*[@id="password"]...
2018-11-19 17:33:25,644  - INFO - 输入内容方式 by xpath: //*[@id="password"]...
2018-11-19 17:33:25,644  - INFO - 输入内容: Pa$$w0rd
2018-11-19 17:33:29,728  - INFO - 点击元素 by css selector: input.button...
2018-11-19 17:33:32,805  - INFO - 点击元素 by xpath: /html/body/ion-side-menus/ion-side-menu-content/ion-nav-view/ion-view/ion-tabs/ion-nav-view/ion-view/ion-nav-view/ion-view/ion-content/div[1]/ion-list/div/ion-item[1]...
2018-11-19 17:33:36,904  - INFO - 点击元素 by xpath: /html/body/ion-side-menus/ion-side-menu-content/ion-nav-view/ion-view[2]/ion-tabs/div[1]/ion-scroll/div/div/a[2]/span...
2018-11-19 17:33:39,501  - INFO - 页面已截图，截图的路径在项目: /screenshots路径下
2018-11-19 17:33:39,502  - INFO - 点击元素 by xpath: /html/body/ion-side-menus/ion-side-menu-content/ion-nav-view/ion-view[2]/ion-tabs/div[3]/div/ion-footer-bar...
2018-11-19 17:33:42,047  - INFO - 页面已截图，截图的路径在项目: /screenshots路径下
2018-11-19 17:33:44,277  - INFO - 选择的浏览器为: Chrome 浏览器
2018-11-19 17:33:44,277  - INFO - 打开的URL为: http://10.2.87.115:8089/www/#/login
2018-11-19 17:33:46,485  - INFO - 启动谷歌浏览器
2018-11-19 17:33:47,127  - INFO - 打开URL: http://10.2.87.115:8089/www/#/login
2018-11-19 17:33:48,253  - INFO - 全屏当前窗口
2018-11-19 17:33:48,254  - INFO - 设置5秒隐式等待时间
2018-11-19 17:33:48,254  - INFO - 清空文本框内容: //*[@id="loginForm"]/div[2]/label[1]/input...
2018-11-19 17:33:49,328  - INFO - 输入内容方式 by xpath: //*[@id="loginForm"]/div[2]/label[1]/input...
2018-11-19 17:33:49,328  - INFO - 输入内容: wangxiaojie
2018-11-19 17:33:51,410  - INFO - 清空文本框内容: //*[@id="password"]...
2018-11-19 17:33:52,467  - INFO - 输入内容方式 by xpath: //*[@id="password"]...
2018-11-19 17:33:52,467  - INFO - 输入内容: Pa$$w0rd
2018-11-19 17:33:56,547  - INFO - 点击元素 by css selector: input.button...
2018-11-19 17:33:59,628  - INFO - 点击元素 by xpath: /html/body/ion-side-menus/ion-side-menu-content/ion-nav-view/ion-view/ion-tabs/ion-nav-view/ion-view/ion-nav-view/ion-view/ion-content/div[1]/ion-list/div/ion-item[1]...
2018-11-19 17:34:03,723  - INFO - 点击元素 by xpath: /html/body/ion-side-menus/ion-side-menu-content/ion-nav-view/ion-view[2]/ion-tabs/div[1]/ion-scroll/div/div/a[2]/span...
2018-11-19 17:34:06,326  - INFO - 页面已截图，截图的路径在项目: /screenshots路径下
2018-11-19 17:34:06,326  - INFO - 点击元素 by xpath: /html/body/ion-side-menus/ion-side-menu-content/ion-nav-view/ion-view[2]/ion-tabs/div[3]/div/ion-footer-bar...
2018-11-19 17:34:08,902  - INFO - 页面已截图，截图的路径在项目: /screenshots路径下
2018-11-19 17:34:11,124  - INFO - 选择的浏览器为: Chrome 浏览器
2018-11-19 17:34:11,124  - INFO - 打开的URL为: http://10.2.87.115:8089/www/#/login
2018-11-19 17:34:13,338  - INFO - 启动谷歌浏览器
2018-11-19 17:34:14,012  - INFO - 打开URL: http://10.2.87.115:8089/www/#/login
2018-11-19 17:34:15,157  - INFO - 全屏当前窗口
2018-11-19 17:34:15,158  - INFO - 设置5秒隐式等待时间
2018-11-19 17:34:15,159  - INFO - 清空文本框内容: //*[@id="loginForm"]/div[2]/label[1]/input...
2018-11-19 17:34:16,238  - INFO - 输入内容方式 by xpath: //*[@id="loginForm"]/div[2]/label[1]/input...
2018-11-19 17:34:16,238  - INFO - 输入内容: yanglin
2018-11-19 17:34:18,325  - INFO - 清空文本框内容: //*[@id="password"]...
2018-11-19 17:34:19,383  - INFO - 输入内容方式 by xpath: //*[@id="password"]...
2018-11-19 17:34:19,383  - INFO - 输入内容: Pa$$w0rd
2018-11-19 17:34:23,462  - INFO - 点击元素 by css selector: input.button...
2018-11-19 17:34:26,540  - INFO - 点击元素 by xpath: /html/body/ion-side-menus/ion-side-menu-content/ion-nav-view/ion-view/ion-tabs/ion-nav-view/ion-view/ion-nav-view/ion-view/ion-content/div[1]/ion-list/div/ion-item[1]...
2018-11-19 17:34:59,712  - WARNING - 查找元素超时: /html/body/ion-side-menus/ion-side-menu-content/ion-nav-view/ion-view/ion-tabs/ion-nav-view/ion-view/ion-nav-view/ion-view/ion-content/div[1]/ion-list/div/ion-item[1]
