2018-11-17 05:03:28,295  - INFO - 选择的浏览器为: Chrome 浏览器
2018-11-17 05:03:28,295  - INFO - 打开的URL为: http://cloudoa.hq.cmcc/cmoa-webapp1/customlogin/login.jsp
2018-11-17 05:03:30,489  - INFO - 启动谷歌浏览器
2018-11-17 05:03:30,784  - INFO - 打开URL: http://cloudoa.hq.cmcc/cmoa-webapp1/customlogin/login.jsp
2018-11-17 05:03:31,909  - INFO - 全屏当前窗口
2018-11-17 05:03:31,910  - INFO - 设置5秒隐式等待时间
2018-11-17 05:03:31,910  - INFO - 清空文本框内容: userName...
2018-11-17 05:03:32,988  - INFO - 输入内容方式 by name: userName...
2018-11-17 05:03:32,988  - INFO - 输入内容: daizhong
2018-11-17 05:03:35,069  - INFO - 清空文本框内容: password...
2018-11-17 05:03:36,124  - INFO - 输入内容方式 by name: password...
2018-11-17 05:03:36,124  - INFO - 输入内容: cmcc1qaz2wsx
2018-11-17 05:03:38,191  - INFO - 点击元素 by name: loginButton...
2018-11-17 05:03:55,982  - INFO - 点击元素 by id: gViewCloseBtnGViewInfo...
2018-11-17 05:03:58,069  - INFO - 点击元素 by xpath: //*[@id="showRecord_2"]...
2018-11-17 05:04:00,206  - INFO - 点击元素 by xpath: /html/body/div[1]/div/div/div/div[2]/table/tbody/tr/td[2]/div/div/table/tbody/tr[1]/td[3]/a...
2018-11-17 05:04:05,367  - INFO - 点击元素 by id: toFlowXspLink...
2018-11-17 05:04:08,613  - INFO - 点击元素 by xpath: //*[@id="showRecord_2"]...
2018-11-17 05:04:10,711  - INFO - 点击元素 by xpath: /html/body/div[1]/div/div/div/div[2]/table/tbody/tr/td[2]/div/div/table/tbody/tr[2]/td[3]/a...
2018-11-17 05:04:15,849  - INFO - 点击元素 by id: toFlowXspLink...
2018-11-17 05:04:21,149  - INFO - 关闭浏览器窗口
2018-11-17 05:04:21,151  - INFO - 选择的浏览器为: Chrome 浏览器
2018-11-17 05:04:21,151  - INFO - 打开的URL为: http://cloudoa.hq.cmcc/cmoa-webapp1/customlogin/login.jsp
2018-11-17 05:04:23,306  - INFO - 启动谷歌浏览器
2018-11-17 05:04:23,606  - INFO - 打开URL: http://cloudoa.hq.cmcc/cmoa-webapp1/customlogin/login.jsp
2018-11-17 05:04:24,743  - INFO - 全屏当前窗口
2018-11-17 05:04:24,745  - INFO - 设置5秒隐式等待时间
2018-11-17 05:04:24,746  - INFO - 清空文本框内容: userName...
2018-11-17 05:04:25,817  - INFO - 输入内容方式 by name: userName...
2018-11-17 05:04:25,817  - INFO - 输入内容: wangxiaojie
2018-11-17 05:04:27,905  - INFO - 清空文本框内容: password...
2018-11-17 05:04:28,962  - INFO - 输入内容方式 by name: password...
2018-11-17 05:04:28,962  - INFO - 输入内容: cmcc1qaz2wsx
2018-11-17 05:04:31,030  - INFO - 点击元素 by name: loginButton...
2018-11-17 05:05:05,624  - INFO - 点击元素 by id: gViewCloseBtnGViewInfo...
2018-11-17 05:05:07,716  - INFO - 点击元素 by xpath: //*[@id="showRecord_2"]...
2018-11-17 05:05:09,852  - INFO - 点击元素 by xpath: /html/body/div[1]/div/div/div/div[2]/table/tbody/tr/td[2]/div/div/table/tbody/tr[1]/td[3]/a...
2018-11-17 05:05:15,025  - INFO - 点击元素 by id: toFlowXspLink...
2018-11-17 05:05:18,258  - INFO - 点击元素 by xpath: //*[@id="showRecord_2"]...
2018-11-17 05:05:20,349  - INFO - 点击元素 by xpath: /html/body/div[1]/div/div/div/div[2]/table/tbody/tr/td[2]/div/div/table/tbody/tr[2]/td[3]/a...
2018-11-17 05:05:25,497  - INFO - 点击元素 by id: toFlowXspLink...
2018-11-17 05:05:30,789  - INFO - 关闭浏览器窗口
2018-11-17 05:05:30,792  - INFO - 选择的浏览器为: Chrome 浏览器
2018-11-17 05:05:30,792  - INFO - 打开的URL为: http://cloudoa.hq.cmcc/cmoa-webapp1/customlogin/login.jsp
2018-11-17 05:05:32,973  - INFO - 启动谷歌浏览器
2018-11-17 05:05:33,249  - INFO - 打开URL: http://cloudoa.hq.cmcc/cmoa-webapp1/customlogin/login.jsp
2018-11-17 05:05:34,368  - INFO - 全屏当前窗口
2018-11-17 05:05:34,369  - INFO - 设置5秒隐式等待时间
2018-11-17 05:05:34,369  - INFO - 清空文本框内容: userName...
2018-11-17 05:05:35,449  - INFO - 输入内容方式 by name: userName...
2018-11-17 05:05:35,449  - INFO - 输入内容: yanglin
2018-11-17 05:05:37,521  - INFO - 清空文本框内容: password...
2018-11-17 05:05:38,579  - INFO - 输入内容方式 by name: password...
2018-11-17 05:05:38,579  - INFO - 输入内容: cmcc1qaz2wsx
2018-11-17 05:05:40,654  - INFO - 点击元素 by name: loginButton...
2018-11-17 05:05:45,749  - INFO - 点击元素 by id: gViewCloseBtnGViewInfo...
2018-11-17 05:05:47,839  - INFO - 点击元素 by xpath: //*[@id="showRecord_2"]...
2018-11-17 05:05:49,977  - INFO - 点击元素 by xpath: /html/body/div[1]/div/div/div/div[2]/table/tbody/tr/td[2]/div/div/table/tbody/tr[1]/td[3]/a...
2018-11-17 05:05:55,148  - INFO - 点击元素 by id: toFlowXspLink...
2018-11-17 05:05:58,405  - INFO - 点击元素 by xpath: //*[@id="showRecord_2"]...
2018-11-17 05:06:00,560  - INFO - 点击元素 by xpath: /html/body/div[1]/div/div/div/div[2]/table/tbody/tr/td[2]/div/div/table/tbody/tr[2]/td[3]/a...
2018-11-17 05:06:05,697  - INFO - 点击元素 by id: toFlowXspLink...
2018-11-17 05:06:09,119  - INFO - 关闭浏览器窗口
2018-11-17 05:06:09,122  - INFO - 选择的浏览器为: Chrome 浏览器
2018-11-17 05:06:09,123  - INFO - 打开的URL为: http://cloudoa.hq.cmcc/cmoa-webapp1/customlogin/login.jsp
2018-11-17 05:06:11,286  - INFO - 启动谷歌浏览器
2018-11-17 05:06:11,577  - INFO - 打开URL: http://cloudoa.hq.cmcc/cmoa-webapp1/customlogin/login.jsp
2018-11-17 05:06:12,698  - INFO - 全屏当前窗口
2018-11-17 05:06:12,699  - INFO - 设置5秒隐式等待时间
2018-11-17 05:06:12,699  - INFO - 清空文本框内容: userName...
2018-11-17 05:06:13,781  - INFO - 输入内容方式 by name: userName...
2018-11-17 05:06:13,781  - INFO - 输入内容: weibing
2018-11-17 05:06:15,855  - INFO - 清空文本框内容: password...
2018-11-17 05:06:16,907  - INFO - 输入内容方式 by name: password...
2018-11-17 05:06:16,907  - INFO - 输入内容: cmcc1qaz2wsx
2018-11-17 05:06:18,976  - INFO - 点击元素 by name: loginButton...
2018-11-17 05:06:29,851  - INFO - 点击元素 by id: gViewCloseBtnGViewInfo...
2018-11-17 05:06:31,942  - INFO - 点击元素 by xpath: //*[@id="showRecord_2"]...
2018-11-17 05:06:34,081  - INFO - 点击元素 by xpath: /html/body/div[1]/div/div/div/div[2]/table/tbody/tr/td[2]/div/div/table/tbody/tr[1]/td[3]/a...
2018-11-17 05:06:39,246  - INFO - 点击元素 by id: toFlowXspLink...
2018-11-17 05:06:42,493  - INFO - 点击元素 by xpath: //*[@id="showRecord_2"]...
2018-11-17 05:06:44,586  - INFO - 点击元素 by xpath: /html/body/div[1]/div/div/div/div[2]/table/tbody/tr/td[2]/div/div/table/tbody/tr[2]/td[3]/a...
2018-11-17 05:06:49,724  - INFO - 点击元素 by id: toFlowXspLink...
2018-11-17 05:06:55,024  - INFO - 关闭浏览器窗口
2018-11-17 05:06:55,026  - INFO - 选择的浏览器为: Chrome 浏览器
2018-11-17 05:06:55,026  - INFO - 打开的URL为: http://cloudoa.hq.cmcc/cmoa-webapp1/customlogin/login.jsp
2018-11-17 05:06:57,159  - INFO - 启动谷歌浏览器
2018-11-17 05:06:57,404  - INFO - 打开URL: http://cloudoa.hq.cmcc/cmoa-webapp1/customlogin/login.jsp
2018-11-17 05:06:58,524  - INFO - 全屏当前窗口
2018-11-17 05:06:58,525  - INFO - 设置5秒隐式等待时间
2018-11-17 05:06:58,525  - INFO - 清空文本框内容: userName...
2018-11-17 05:06:59,591  - INFO - 输入内容方式 by name: userName...
2018-11-17 05:06:59,591  - INFO - 输入内容: fangli
2018-11-17 05:07:01,660  - INFO - 清空文本框内容: password...
2018-11-17 05:07:02,715  - INFO - 输入内容方式 by name: password...
2018-11-17 05:07:02,715  - INFO - 输入内容: cmcc1qaz2wsx
2018-11-17 05:07:04,783  - INFO - 点击元素 by name: loginButton...
2018-11-17 05:07:32,436  - INFO - 点击元素 by id: gViewCloseBtnGViewInfo...
2018-11-17 05:07:34,529  - INFO - 点击元素 by xpath: //*[@id="showRecord_2"]...
2018-11-17 05:07:36,663  - INFO - 点击元素 by xpath: /html/body/div[1]/div/div/div/div[2]/table/tbody/tr/td[2]/div/div/table/tbody/tr[1]/td[3]/a...
2018-11-17 05:07:41,826  - INFO - 点击元素 by id: toFlowXspLink...
2018-11-17 05:07:45,044  - INFO - 点击元素 by xpath: //*[@id="showRecord_2"]...
2018-11-17 05:07:47,139  - INFO - 点击元素 by xpath: /html/body/div[1]/div/div/div/div[2]/table/tbody/tr/td[2]/div/div/table/tbody/tr[2]/td[3]/a...
2018-11-17 05:07:52,282  - INFO - 点击元素 by id: toFlowXspLink...
2018-11-17 05:07:57,568  - INFO - 关闭浏览器窗口
2018-11-17 05:07:57,570  - INFO - 选择的浏览器为: Chrome 浏览器
2018-11-17 05:07:57,570  - INFO - 打开的URL为: http://cloudoa.hq.cmcc/cmoa-webapp1/customlogin/login.jsp
2018-11-17 05:07:59,733  - INFO - 启动谷歌浏览器
2018-11-17 05:08:00,047  - INFO - 打开URL: http://cloudoa.hq.cmcc/cmoa-webapp1/customlogin/login.jsp
2018-11-17 05:08:01,166  - INFO - 全屏当前窗口
2018-11-17 05:08:01,166  - INFO - 设置5秒隐式等待时间
2018-11-17 05:08:01,166  - INFO - 清空文本框内容: userName...
2018-11-17 05:08:02,244  - INFO - 输入内容方式 by name: userName...
2018-11-17 05:08:02,244  - INFO - 输入内容: yuchengzhi
2018-11-17 05:08:04,327  - INFO - 清空文本框内容: password...
2018-11-17 05:08:05,385  - INFO - 输入内容方式 by name: password...
2018-11-17 05:08:05,385  - INFO - 输入内容: cmcc1qaz2wsx
2018-11-17 05:08:07,467  - INFO - 点击元素 by name: loginButton...
2018-11-17 05:08:15,516  - INFO - 点击元素 by id: gViewCloseBtnGViewInfo...
2018-11-17 05:08:17,603  - INFO - 点击元素 by xpath: //*[@id="showRecord_2"]...
2018-11-17 05:08:19,739  - INFO - 点击元素 by xpath: /html/body/div[1]/div/div/div/div[2]/table/tbody/tr/td[2]/div/div/table/tbody/tr[1]/td[3]/a...
2018-11-17 05:08:29,258  - INFO - 点击元素 by id: toFlowXspLink...
2018-11-17 05:08:32,503  - INFO - 点击元素 by xpath: //*[@id="showRecord_2"]...
2018-11-17 05:08:34,637  - INFO - 点击元素 by xpath: /html/body/div[1]/div/div/div/div[2]/table/tbody/tr/td[2]/div/div/table/tbody/tr[2]/td[3]/a...
2018-11-17 05:08:44,025  - INFO - 点击元素 by id: toFlowXspLink...
2018-11-17 05:08:49,324  - INFO - 关闭浏览器窗口
2018-11-17 05:08:49,326  - INFO - 选择的浏览器为: Chrome 浏览器
2018-11-17 05:08:49,326  - INFO - 打开的URL为: http://cloudoa.hq.cmcc/cmoa-webapp1/customlogin/login.jsp
2018-11-17 05:08:51,629  - INFO - 启动谷歌浏览器
2018-11-17 05:08:51,914  - INFO - 打开URL: http://cloudoa.hq.cmcc/cmoa-webapp1/customlogin/login.jsp
2018-11-17 05:08:53,034  - INFO - 全屏当前窗口
2018-11-17 05:08:53,036  - INFO - 设置5秒隐式等待时间
2018-11-17 05:08:53,036  - INFO - 清空文本框内容: userName...
2018-11-17 05:08:54,112  - INFO - 输入内容方式 by name: userName...
2018-11-17 05:08:54,112  - INFO - 输入内容: xuhaiyong
2018-11-17 05:08:56,183  - INFO - 清空文本框内容: password...
2018-11-17 05:08:57,236  - INFO - 输入内容方式 by name: password...
2018-11-17 05:08:57,236  - INFO - 输入内容: cmcc1qaz2wsx
2018-11-17 05:08:59,312  - INFO - 点击元素 by name: loginButton...
2018-11-17 05:09:24,603  - INFO - 点击元素 by id: gViewCloseBtnGViewInfo...
2018-11-17 05:09:26,696  - INFO - 点击元素 by xpath: //*[@id="showRecord_2"]...
2018-11-17 05:09:28,832  - INFO - 点击元素 by xpath: /html/body/div[1]/div/div/div/div[2]/table/tbody/tr/td[2]/div/div/table/tbody/tr[1]/td[3]/a...
2018-11-17 05:09:34,017  - INFO - 点击元素 by id: toFlowXspLink...
2018-11-17 05:09:37,265  - INFO - 点击元素 by xpath: //*[@id="showRecord_2"]...
2018-11-17 05:09:39,359  - INFO - 点击元素 by xpath: /html/body/div[1]/div/div/div/div[2]/table/tbody/tr/td[2]/div/div/table/tbody/tr[2]/td[3]/a...
2018-11-17 05:09:44,493  - INFO - 点击元素 by id: toFlowXspLink...
2018-11-17 05:09:49,797  - INFO - 关闭浏览器窗口
2018-11-17 05:09:49,799  - INFO - 选择的浏览器为: Chrome 浏览器
2018-11-17 05:09:49,799  - INFO - 打开的URL为: http://cloudoa.hq.cmcc/cmoa-webapp1/customlogin/login.jsp
2018-11-17 05:09:51,940  - INFO - 启动谷歌浏览器
2018-11-17 05:09:52,194  - INFO - 打开URL: http://cloudoa.hq.cmcc/cmoa-webapp1/customlogin/login.jsp
2018-11-17 05:09:53,315  - INFO - 全屏当前窗口
2018-11-17 05:09:53,317  - INFO - 设置5秒隐式等待时间
2018-11-17 05:09:53,318  - INFO - 清空文本框内容: userName...
2018-11-17 05:09:54,396  - INFO - 输入内容方式 by name: userName...
2018-11-17 05:09:54,396  - INFO - 输入内容: taotao
2018-11-17 05:09:56,476  - INFO - 清空文本框内容: password...
2018-11-17 05:09:57,533  - INFO - 输入内容方式 by name: password...
2018-11-17 05:09:57,533  - INFO - 输入内容: 123456
2018-11-17 05:09:59,594  - INFO - 点击元素 by name: loginButton...
2018-11-17 05:10:25,197  - INFO - 点击元素 by id: gViewCloseBtnGViewInfo...
2018-11-17 05:10:27,289  - INFO - 点击元素 by xpath: //*[@id="showRecord_2"]...
2018-11-17 05:10:29,426  - INFO - 点击元素 by xpath: /html/body/div[1]/div/div/div/div[2]/table/tbody/tr/td[2]/div/div/table/tbody/tr[1]/td[3]/a...
2018-11-17 05:10:34,582  - INFO - 点击元素 by id: toFlowXspLink...
2018-11-17 05:10:37,831  - INFO - 点击元素 by xpath: //*[@id="showRecord_2"]...
2018-11-17 05:10:39,917  - INFO - 点击元素 by xpath: /html/body/div[1]/div/div/div/div[2]/table/tbody/tr/td[2]/div/div/table/tbody/tr[2]/td[3]/a...
2018-11-17 05:10:45,068  - INFO - 点击元素 by id: toFlowXspLink...
2018-11-17 05:10:50,367  - INFO - 关闭浏览器窗口
2018-11-17 05:10:50,370  - INFO - 选择的浏览器为: Chrome 浏览器
2018-11-17 05:10:50,370  - INFO - 打开的URL为: http://cloudoa.hq.cmcc/cmoa-webapp1/customlogin/login.jsp
2018-11-17 05:10:52,543  - INFO - 启动谷歌浏览器
2018-11-17 05:10:52,838  - INFO - 打开URL: http://cloudoa.hq.cmcc/cmoa-webapp1/customlogin/login.jsp
2018-11-17 05:10:53,954  - INFO - 全屏当前窗口
2018-11-17 05:10:53,955  - INFO - 设置5秒隐式等待时间
2018-11-17 05:10:53,955  - INFO - 清空文本框内容: userName...
2018-11-17 05:10:55,028  - INFO - 输入内容方式 by name: userName...
2018-11-17 05:10:55,028  - INFO - 输入内容: xiongwenjian
2018-11-17 05:10:57,123  - INFO - 清空文本框内容: password...
2018-11-17 05:10:58,185  - INFO - 输入内容方式 by name: password...
2018-11-17 05:10:58,185  - INFO - 输入内容: 123456
2018-11-17 05:11:00,246  - INFO - 点击元素 by name: loginButton...
2018-11-17 05:11:03,440  - INFO - 点击元素 by id: gViewCloseBtnGViewInfo...
2018-11-17 05:11:05,532  - INFO - 点击元素 by xpath: //*[@id="showRecord_2"]...
2018-11-17 05:11:07,667  - INFO - 点击元素 by xpath: /html/body/div[1]/div/div/div/div[2]/table/tbody/tr/td[2]/div/div/table/tbody/tr[1]/td[3]/a...
2018-11-17 05:11:12,816  - INFO - 点击元素 by id: toFlowXspLink...
2018-11-17 05:11:16,050  - INFO - 点击元素 by xpath: //*[@id="showRecord_2"]...
2018-11-17 05:11:18,142  - INFO - 点击元素 by xpath: /html/body/div[1]/div/div/div/div[2]/table/tbody/tr/td[2]/div/div/table/tbody/tr[2]/td[3]/a...
2018-11-17 05:11:23,284  - INFO - 点击元素 by id: toFlowXspLink...
2018-11-17 05:11:28,578  - INFO - 关闭浏览器窗口
2018-11-17 05:11:28,580  - INFO - 选择的浏览器为: Chrome 浏览器
2018-11-17 05:11:28,581  - INFO - 打开的URL为: http://cloudoa.hq.cmcc/cmoa-webapp1/customlogin/login.jsp
2018-11-17 05:11:44,789  - INFO - 启动谷歌浏览器
2018-11-17 05:11:45,076  - INFO - 打开URL: http://cloudoa.hq.cmcc/cmoa-webapp1/customlogin/login.jsp
2018-11-17 05:11:46,201  - INFO - 全屏当前窗口
2018-11-17 05:11:46,202  - INFO - 设置5秒隐式等待时间
2018-11-17 05:11:46,202  - INFO - 清空文本框内容: userName...
2018-11-17 05:11:47,278  - INFO - 输入内容方式 by name: userName...
2018-11-17 05:11:47,278  - INFO - 输入内容: zhangtao
2018-11-17 05:11:49,353  - INFO - 清空文本框内容: password...
2018-11-17 05:11:50,410  - INFO - 输入内容方式 by name: password...
2018-11-17 05:11:50,410  - INFO - 输入内容: cmcc1qaz2wsx
2018-11-17 05:11:52,479  - INFO - 点击元素 by name: loginButton...
2018-11-17 05:11:57,050  - INFO - 点击元素 by id: gViewCloseBtnGViewInfo...
2018-11-17 05:11:59,140  - INFO - 点击元素 by xpath: //*[@id="showRecord_2"]...
2018-11-17 05:12:01,263  - INFO - 点击元素 by xpath: /html/body/div[1]/div/div/div/div[2]/table/tbody/tr/td[2]/div/div/table/tbody/tr[1]/td[3]/a...
2018-11-17 05:12:13,517  - INFO - 点击元素 by id: toFlowXspLink...
2018-11-17 05:12:16,789  - INFO - 点击元素 by xpath: //*[@id="showRecord_2"]...
2018-11-17 05:12:18,912  - INFO - 点击元素 by xpath: /html/body/div[1]/div/div/div/div[2]/table/tbody/tr/td[2]/div/div/table/tbody/tr[2]/td[3]/a...
2018-11-17 05:12:24,077  - INFO - 点击元素 by id: toFlowXspLink...
2018-11-17 05:12:29,437  - INFO - 关闭浏览器窗口
2018-11-17 05:12:29,439  - INFO - 选择的浏览器为: Chrome 浏览器
2018-11-17 05:12:29,440  - INFO - 打开的URL为: http://cloudoa.hq.cmcc/cmoa-webapp1/customlogin/login.jsp
2018-11-17 05:12:31,658  - INFO - 启动谷歌浏览器
2018-11-17 05:12:31,934  - INFO - 打开URL: http://cloudoa.hq.cmcc/cmoa-webapp1/customlogin/login.jsp
2018-11-17 05:12:33,055  - INFO - 全屏当前窗口
2018-11-17 05:12:33,059  - INFO - 设置5秒隐式等待时间
2018-11-17 05:12:33,059  - INFO - 清空文本框内容: userName...
2018-11-17 05:12:34,139  - INFO - 输入内容方式 by name: userName...
2018-11-17 05:12:34,139  - INFO - 输入内容: yejianfei
2018-11-17 05:12:36,221  - INFO - 清空文本框内容: password...
2018-11-17 05:12:37,279  - INFO - 输入内容方式 by name: password...
2018-11-17 05:12:37,279  - INFO - 输入内容: cmcc1qaz2wsx
2018-11-17 05:12:39,357  - INFO - 点击元素 by name: loginButton...
2018-11-17 05:13:09,359  - INFO - 点击元素 by id: gViewCloseBtnGViewInfo...
2018-11-17 05:13:11,455  - INFO - 点击元素 by xpath: //*[@id="showRecord_2"]...
2018-11-17 05:13:13,590  - INFO - 点击元素 by xpath: /html/body/div[1]/div/div/div/div[2]/table/tbody/tr/td[2]/div/div/table/tbody/tr[1]/td[3]/a...
2018-11-17 05:13:18,759  - INFO - 点击元素 by id: toFlowXspLink...
2018-11-17 05:13:22,011  - INFO - 点击元素 by xpath: //*[@id="showRecord_2"]...
2018-11-17 05:13:24,099  - INFO - 点击元素 by xpath: /html/body/div[1]/div/div/div/div[2]/table/tbody/tr/td[2]/div/div/table/tbody/tr[2]/td[3]/a...
2018-11-17 05:13:29,238  - INFO - 点击元素 by id: toFlowXspLink...
2018-11-17 05:13:34,539  - INFO - 关闭浏览器窗口
2018-11-17 05:13:34,542  - INFO - 选择的浏览器为: Chrome 浏览器
2018-11-17 05:13:34,542  - INFO - 打开的URL为: http://cloudoa.hq.cmcc/cmoa-webapp1/customlogin/login.jsp
2018-11-17 05:13:36,672  - INFO - 启动谷歌浏览器
2018-11-17 05:13:36,987  - INFO - 打开URL: http://cloudoa.hq.cmcc/cmoa-webapp1/customlogin/login.jsp
2018-11-17 05:13:38,111  - INFO - 全屏当前窗口
2018-11-17 05:13:38,113  - INFO - 设置5秒隐式等待时间
2018-11-17 05:13:38,113  - INFO - 清空文本框内容: userName...
2018-11-17 05:13:39,185  - INFO - 输入内容方式 by name: userName...
2018-11-17 05:13:39,185  - INFO - 输入内容: daizhong
2018-11-17 05:13:41,259  - INFO - 清空文本框内容: password...
2018-11-17 05:13:42,311  - INFO - 输入内容方式 by name: password...
2018-11-17 05:13:42,311  - INFO - 输入内容: cmcc1qaz2wsx
2018-11-17 05:13:44,384  - INFO - 点击元素 by name: loginButton...
2018-11-17 05:13:48,976  - INFO - 点击元素 by id: gViewCloseBtnGViewInfo...
2018-11-17 05:13:54,220  - INFO - 点击元素 by id: processFormSubmitNext...
2018-11-17 05:14:00,876  - INFO - 点击元素 by id: processFormSubmitNext...
2018-11-17 05:14:06,285  - INFO - 关闭浏览器窗口
2018-11-17 05:14:06,286  - INFO - 选择的浏览器为: Chrome 浏览器
2018-11-17 05:14:06,287  - INFO - 打开的URL为: http://cloudoa.hq.cmcc/cmoa-webapp1/customlogin/login.jsp
2018-11-17 05:14:08,491  - INFO - 启动谷歌浏览器
2018-11-17 05:14:08,745  - INFO - 打开URL: http://cloudoa.hq.cmcc/cmoa-webapp1/customlogin/login.jsp
2018-11-17 05:14:09,885  - INFO - 全屏当前窗口
2018-11-17 05:14:09,886  - INFO - 设置5秒隐式等待时间
2018-11-17 05:14:09,886  - INFO - 清空文本框内容: userName...
2018-11-17 05:14:10,965  - INFO - 输入内容方式 by name: userName...
2018-11-17 05:14:10,965  - INFO - 输入内容: wangxiaojie
2018-11-17 05:14:13,040  - INFO - 清空文本框内容: password...
2018-11-17 05:14:14,094  - INFO - 输入内容方式 by name: password...
2018-11-17 05:14:14,094  - INFO - 输入内容: cmcc1qaz2wsx
2018-11-17 05:14:16,175  - INFO - 点击元素 by name: loginButton...
2018-11-17 05:14:20,792  - INFO - 点击元素 by id: gViewCloseBtnGViewInfo...
2018-11-17 05:14:26,083  - INFO - 点击元素 by id: processFormSubmitNext...
2018-11-17 05:14:59,869  - INFO - 页面已截图，截图的路径在项目: /screenshots路径下
2018-11-17 05:15:01,934  - INFO - 关闭浏览器窗口
2018-11-17 05:15:01,937  - INFO - 选择的浏览器为: Chrome 浏览器
2018-11-17 05:15:01,937  - INFO - 打开的URL为: http://cloudoa.hq.cmcc/cmoa-webapp1/customlogin/login.jsp
2018-11-17 05:15:04,092  - INFO - 启动谷歌浏览器
2018-11-17 05:15:04,386  - INFO - 打开URL: http://cloudoa.hq.cmcc/cmoa-webapp1/customlogin/login.jsp
2018-11-17 05:15:05,509  - INFO - 全屏当前窗口
2018-11-17 05:15:05,511  - INFO - 设置5秒隐式等待时间
2018-11-17 05:15:05,511  - INFO - 清空文本框内容: userName...
2018-11-17 05:15:06,589  - INFO - 输入内容方式 by name: userName...
2018-11-17 05:15:06,589  - INFO - 输入内容: yanglin
2018-11-17 05:15:08,671  - INFO - 清空文本框内容: password...
2018-11-17 05:15:09,730  - INFO - 输入内容方式 by name: password...
2018-11-17 05:15:09,730  - INFO - 输入内容: cmcc1qaz2wsx
2018-11-17 05:15:11,808  - INFO - 点击元素 by name: loginButton...
2018-11-17 05:15:16,499  - INFO - 点击元素 by id: gViewCloseBtnGViewInfo...
2018-11-17 05:15:21,735  - INFO - 点击元素 by id: processFormSubmitNext...
2018-11-17 05:15:28,066  - INFO - 点击元素 by id: processFormSubmitNext...
2018-11-17 05:15:31,563  - INFO - 关闭浏览器窗口
2018-11-17 05:15:31,565  - INFO - 选择的浏览器为: Chrome 浏览器
2018-11-17 05:15:31,565  - INFO - 打开的URL为: http://cloudoa.hq.cmcc/cmoa-webapp1/customlogin/login.jsp
2018-11-17 05:15:33,732  - INFO - 启动谷歌浏览器
2018-11-17 05:15:34,008  - INFO - 打开URL: http://cloudoa.hq.cmcc/cmoa-webapp1/customlogin/login.jsp
2018-11-17 05:15:35,132  - INFO - 全屏当前窗口
2018-11-17 05:15:35,133  - INFO - 设置5秒隐式等待时间
2018-11-17 05:15:35,133  - INFO - 清空文本框内容: userName...
2018-11-17 05:15:36,211  - INFO - 输入内容方式 by name: userName...
2018-11-17 05:15:36,211  - INFO - 输入内容: weibing
2018-11-17 05:15:38,281  - INFO - 清空文本框内容: password...
2018-11-17 05:15:39,334  - INFO - 输入内容方式 by name: password...
2018-11-17 05:15:39,334  - INFO - 输入内容: cmcc1qaz2wsx
2018-11-17 05:15:41,405  - INFO - 点击元素 by name: loginButton...
2018-11-17 05:15:45,964  - INFO - 点击元素 by id: gViewCloseBtnGViewInfo...
2018-11-17 05:15:51,214  - INFO - 点击元素 by id: processFormSubmitNext...
2018-11-17 05:15:57,667  - INFO - 点击元素 by id: processFormSubmitNext...
2018-11-17 05:16:03,034  - INFO - 关闭浏览器窗口
2018-11-17 05:16:09,059  - INFO - 选择的浏览器为: Chrome 浏览器
2018-11-17 05:16:09,059  - INFO - 打开的URL为: http://cloudoa.hq.cmcc/cmoa-webapp1/customlogin/login.jsp
2018-11-17 05:16:11,234  - INFO - 启动谷歌浏览器
2018-11-17 05:16:11,531  - INFO - 打开URL: http://cloudoa.hq.cmcc/cmoa-webapp1/customlogin/login.jsp
2018-11-17 05:16:12,669  - INFO - 全屏当前窗口
2018-11-17 05:16:12,671  - INFO - 设置5秒隐式等待时间
2018-11-17 05:16:12,671  - INFO - 清空文本框内容: userName...
2018-11-17 05:16:13,744  - INFO - 输入内容方式 by name: userName...
2018-11-17 05:16:13,744  - INFO - 输入内容: fangli
2018-11-17 05:16:15,810  - INFO - 清空文本框内容: password...
2018-11-17 05:16:16,872  - INFO - 输入内容方式 by name: password...
2018-11-17 05:16:16,872  - INFO - 输入内容: cmcc1qaz2wsx
2018-11-17 05:16:18,950  - INFO - 点击元素 by name: loginButton...
2018-11-17 05:16:23,506  - INFO - 点击元素 by id: gViewCloseBtnGViewInfo...
2018-11-17 05:16:28,751  - INFO - 点击元素 by id: processFormSubmitNext...
2018-11-17 05:16:35,240  - INFO - 点击元素 by id: processFormSubmitNext...
2018-11-17 05:16:40,612  - INFO - 关闭浏览器窗口
2018-11-17 05:16:40,613  - INFO - 选择的浏览器为: Chrome 浏览器
2018-11-17 05:16:40,613  - INFO - 打开的URL为: http://cloudoa.hq.cmcc/cmoa-webapp1/customlogin/login.jsp
2018-11-17 05:16:42,778  - INFO - 启动谷歌浏览器
2018-11-17 05:16:43,058  - INFO - 打开URL: http://cloudoa.hq.cmcc/cmoa-webapp1/customlogin/login.jsp
2018-11-17 05:16:44,196  - INFO - 全屏当前窗口
2018-11-17 05:16:44,197  - INFO - 设置5秒隐式等待时间
2018-11-17 05:16:44,198  - INFO - 清空文本框内容: userName...
2018-11-17 05:16:45,269  - INFO - 输入内容方式 by name: userName...
2018-11-17 05:16:45,269  - INFO - 输入内容: yuchengzhi
2018-11-17 05:16:47,354  - INFO - 清空文本框内容: password...
2018-11-17 05:16:48,409  - INFO - 输入内容方式 by name: password...
2018-11-17 05:16:48,409  - INFO - 输入内容: cmcc1qaz2wsx
2018-11-17 05:16:50,480  - INFO - 点击元素 by name: loginButton...
2018-11-17 05:16:53,017  - INFO - 点击元素 by id: gViewCloseBtnGViewInfo...
2018-11-17 05:17:18,357  - ERROR - 无法点击元素: 'NoneType' object has no attribute 'is_displayed'
2018-11-17 05:17:18,367  - INFO - 选择的浏览器为: Chrome 浏览器
2018-11-17 05:17:18,368  - INFO - 打开的URL为: http://cloudoa.hq.cmcc/cmoa-webapp1/customlogin/login.jsp
2018-11-17 05:17:20,592  - INFO - 启动谷歌浏览器
2018-11-17 05:17:20,805  - INFO - 打开URL: http://cloudoa.hq.cmcc/cmoa-webapp1/customlogin/login.jsp
2018-11-17 05:17:21,932  - INFO - 全屏当前窗口
2018-11-17 05:17:21,933  - INFO - 设置5秒隐式等待时间
2018-11-17 05:17:21,933  - INFO - 清空文本框内容: userName...
