2018-11-19 10:19:53,868  - INFO - 选择的浏览器为: Chrome 浏览器
2018-11-19 10:19:53,868  - INFO - 打开的URL为: http://cloudoa.test.hq.cmcc/cmoa-webapp1/customlogin/login.jsp
2018-11-19 10:19:55,992  - INFO - 启动谷歌浏览器
2018-11-19 10:19:56,232  - INFO - 打开URL: http://cloudoa.test.hq.cmcc/cmoa-webapp1/customlogin/login.jsp
2018-11-19 10:19:57,351  - INFO - 全屏当前窗口
2018-11-19 10:19:57,352  - INFO - 设置5秒隐式等待时间
2018-11-19 10:19:57,352  - INFO - 清空文本框内容: userName...
2018-11-19 10:19:58,422  - INFO - 输入内容方式 by name: userName...
2018-11-19 10:19:58,422  - INFO - 输入内容: daizhong
2018-11-19 10:20:00,494  - INFO - 清空文本框内容: password...
2018-11-19 10:20:01,546  - INFO - 输入内容方式 by name: password...
2018-11-19 10:20:01,546  - INFO - 输入内容: Pa$$w0rd
2018-11-19 10:20:03,611  - INFO - 点击元素 by name: loginButton...
2018-11-19 10:20:08,359  - INFO - 点击元素 by id: gViewCloseBtnGViewInfo...
2018-11-19 10:20:10,449  - INFO - 点击元素 by xpath: //*[@id="showRecord_2"]...
2018-11-19 10:20:12,577  - INFO - 点击元素 by xpath: /html/body/div[1]/div/div/div/div[2]/table/tbody/tr/td[2]/div/div/table/tbody/tr[1]/td[3]/a...
2018-11-19 10:20:17,717  - INFO - 点击元素 by id: toFlowXspLink...
2018-11-19 10:20:20,924  - INFO - 点击元素 by xpath: //*[@id="showRecord_2"]...
2018-11-19 10:20:23,011  - INFO - 点击元素 by xpath: /html/body/div[1]/div/div/div/div[2]/table/tbody/tr/td[2]/div/div/table/tbody/tr[2]/td[3]/a...
2018-11-19 10:20:28,151  - INFO - 点击元素 by id: toFlowXspLink...
2018-11-19 10:20:33,414  - INFO - 关闭浏览器窗口
2018-11-19 10:20:33,416  - INFO - 选择的浏览器为: Chrome 浏览器
2018-11-19 10:20:33,416  - INFO - 打开的URL为: http://cloudoa.test.hq.cmcc/cmoa-webapp1/customlogin/login.jsp
2018-11-19 10:20:35,589  - INFO - 启动谷歌浏览器
2018-11-19 10:20:35,857  - INFO - 打开URL: http://cloudoa.test.hq.cmcc/cmoa-webapp1/customlogin/login.jsp
2018-11-19 10:20:36,978  - INFO - 全屏当前窗口
2018-11-19 10:20:36,978  - INFO - 设置5秒隐式等待时间
2018-11-19 10:20:36,979  - INFO - 清空文本框内容: userName...
2018-11-19 10:20:38,040  - INFO - 输入内容方式 by name: userName...
2018-11-19 10:20:38,040  - INFO - 输入内容: daizhong
2018-11-19 10:20:40,107  - INFO - 清空文本框内容: password...
2018-11-19 10:20:41,155  - INFO - 输入内容方式 by name: password...
2018-11-19 10:20:41,155  - INFO - 输入内容: Pa$$w0rd
2018-11-19 10:20:43,219  - INFO - 点击元素 by name: loginButton...
2018-11-19 10:20:47,863  - INFO - 点击元素 by id: gViewCloseBtnGViewInfo...
2018-11-19 10:20:53,082  - INFO - 点击元素 by id: processFormSubmitNext...
2018-11-19 10:20:59,545  - INFO - 点击元素 by id: processFormSubmitNext...
2018-11-19 10:21:05,123  - INFO - 关闭浏览器窗口
2018-11-19 10:21:05,125  - INFO - 选择的浏览器为: Chrome 浏览器
2018-11-19 10:21:05,125  - INFO - 打开的URL为: http://cloudoa.test.hq.cmcc/cmoa-webapp1/customlogin/login.jsp
2018-11-19 10:21:07,321  - INFO - 启动谷歌浏览器
2018-11-19 10:21:07,576  - INFO - 打开URL: http://cloudoa.test.hq.cmcc/cmoa-webapp1/customlogin/login.jsp
2018-11-19 10:21:08,692  - INFO - 全屏当前窗口
2018-11-19 10:21:08,696  - INFO - 设置5秒隐式等待时间
2018-11-19 10:21:08,696  - INFO - 清空文本框内容: userName...
2018-11-19 10:21:09,762  - INFO - 输入内容方式 by name: userName...
2018-11-19 10:21:09,762  - INFO - 输入内容: daizhong
2018-11-19 10:21:11,834  - INFO - 清空文本框内容: password...
2018-11-19 10:21:12,886  - INFO - 输入内容方式 by name: password...
2018-11-19 10:21:12,886  - INFO - 输入内容: Pa$$w0rd
2018-11-19 10:21:14,952  - INFO - 点击元素 by name: loginButton...
2018-11-19 10:21:20,312  - INFO - 点击元素 by id: gViewCloseBtnGViewInfo...
2018-11-19 10:21:22,401  - INFO - 点击元素 by xpath: //*[@id="showRecord_3"]...
2018-11-19 10:21:24,528  - INFO - 点击元素 by xpath: /html/body/div[1]/div/div/div/div[3]/table/tbody/tr/td[2]/div/div/table/tbody/tr[1]/td[2]/a...
2018-11-19 10:21:29,668  - INFO - 点击元素 by id: readProcess...
2018-11-19 10:21:32,854  - INFO - 点击元素 by xpath: //*[@id="showRecord_3"]...
2018-11-19 10:21:34,932  - INFO - 点击元素 by xpath: /html/body/div[1]/div/div/div/div[3]/table/tbody/tr/td[2]/div/div/table/tbody/tr[2]/td[2]/a...
2018-11-19 10:21:40,061  - INFO - 点击元素 by id: readProcess...
2018-11-19 10:21:45,565  - INFO - 关闭浏览器窗口
