2018-11-19 10:18:22,921  - INFO - 选择的浏览器为: Chrome 浏览器
2018-11-19 10:18:22,921  - INFO - 打开的URL为: http://cloudoa.test.hq.cmcc/cmoa-webapp1/customlogin/login.jsp
2018-11-19 10:18:27,741  - INFO - 启动谷歌浏览器
2018-11-19 10:18:29,152  - INFO - 打开URL: http://cloudoa.test.hq.cmcc/cmoa-webapp1/customlogin/login.jsp
2018-11-19 10:18:30,274  - INFO - 全屏当前窗口
2018-11-19 10:18:30,275  - INFO - 设置5秒隐式等待时间
2018-11-19 10:18:30,275  - INFO - 清空文本框内容: userName...
2018-11-19 10:18:31,338  - INFO - 输入内容方式 by name: userName...
2018-11-19 10:18:31,338  - INFO - 输入内容: daizhong
2018-11-19 10:18:33,410  - INFO - 清空文本框内容: password...
2018-11-19 10:18:34,469  - INFO - 输入内容方式 by name: password...
2018-11-19 10:18:34,469  - INFO - 输入内容: Pa$$w0rd
2018-11-19 10:18:36,537  - INFO - 点击元素 by name: loginButton...
2018-11-19 10:18:41,998  - INFO - 点击元素 by id: gViewCloseBtnGViewInfo...
2018-11-19 10:18:44,080  - INFO - 点击元素 by xpath: //*[@id="showRecord_2"]...
2018-11-19 10:18:46,206  - INFO - 点击元素 by xpath: /html/body/div[1]/div/div/div/div[2]/table/tbody/tr/td[2]/div/div/table/tbody/tr[1]/td[3]/a...
2018-11-19 10:18:51,353  - INFO - 点击元素 by id: toFlowXspLink...
2018-11-19 10:18:56,856  - INFO - 点击元素 by xpath: //*[@id="showRecord_2"]...
2018-11-19 10:18:58,987  - INFO - 点击元素 by xpath: /html/body/div[1]/div/div/div/div[2]/table/tbody/tr/td[2]/div/div/table/tbody/tr[2]/td[3]/a...
2018-11-19 10:19:04,118  - INFO - 点击元素 by id: toFlowXspLink...
2018-11-19 10:19:09,382  - INFO - 关闭浏览器窗口
2018-11-19 10:19:09,384  - INFO - 选择的浏览器为: Chrome 浏览器
2018-11-19 10:19:09,385  - INFO - 打开的URL为: http://cloudoa.test.hq.cmcc/cmoa-webapp1/customlogin/login.jsp
2018-11-19 10:19:11,540  - INFO - 启动谷歌浏览器
2018-11-19 10:19:11,815  - INFO - 打开URL: http://cloudoa.test.hq.cmcc/cmoa-webapp1/customlogin/login.jsp
2018-11-19 10:19:12,932  - INFO - 全屏当前窗口
2018-11-19 10:19:12,933  - INFO - 设置5秒隐式等待时间
2018-11-19 10:19:12,933  - INFO - 清空文本框内容: userName...
2018-11-19 10:19:14,003  - INFO - 输入内容方式 by name: userName...
2018-11-19 10:19:14,003  - INFO - 输入内容: wangxiaojie
2018-11-19 10:19:16,087  - INFO - 清空文本框内容: password...
2018-11-19 10:19:17,139  - INFO - 输入内容方式 by name: password...
2018-11-19 10:19:17,139  - INFO - 输入内容: Pa$$w0rd
2018-11-19 10:19:19,202  - INFO - 点击元素 by name: loginButton...
2018-11-19 10:19:23,771  - INFO - 点击元素 by id: gViewCloseBtnGViewInfo...
2018-11-19 10:19:25,858  - INFO - 点击元素 by xpath: //*[@id="showRecord_2"]...
2018-11-19 10:19:27,981  - INFO - 点击元素 by xpath: /html/body/div[1]/div/div/div/div[2]/table/tbody/tr/td[2]/div/div/table/tbody/tr[1]/td[3]/a...
