2018-11-16 21:56:43,868  - INFO - 选择的浏览器为: Firefox 浏览器
2018-11-16 21:56:43,868  - INFO - 打开的URL为: http://cloudoa.test.hq.cmcc/cmoa-webapp1/customlogin/login.jsp
2018-11-16 21:56:49,121  - INFO - 启动火狐浏览器
2018-11-16 21:56:49,435  - INFO - 打开URL: http://cloudoa.test.hq.cmcc/cmoa-webapp1/customlogin/login.jsp
2018-11-16 21:56:49,515  - INFO - 全屏当前窗口
2018-11-16 21:56:49,528  - INFO - 设置5秒隐式等待时间
2018-11-16 21:56:49,528  - INFO - 清空文本框内容: userName...
2018-11-16 21:56:50,590  - INFO - 输入内容方式 by name: userName...
2018-11-16 21:56:50,590  - INFO - 输入内容: daizhong
2018-11-16 21:56:52,634  - INFO - 清空文本框内容: password...
2018-11-16 21:56:53,678  - INFO - 输入内容方式 by name: password...
2018-11-16 21:56:53,678  - INFO - 输入内容: Pa$$w0rd
2018-11-16 21:56:55,715  - INFO - 点击元素 by name: loginButton...
2018-11-16 21:57:01,758  - INFO - 点击元素 by id: gViewCloseBtnGViewInfo...
2018-11-16 21:57:04,017  - INFO - 点击元素 by xpath: //*[@id="showRecord_2"]...
2018-11-16 21:57:06,261  - INFO - 点击元素 by xpath: /html/body/div[1]/div/div/div/div[2]/table/tbody/tr/td[2]/div/div/table/tbody/tr[1]/td[3]/a...
2018-11-16 21:57:39,335  - WARNING - 查找元素超时: /html/body/div[1]/div/div/div/div[2]/table/tbody/tr/td[2]/div/div/table/tbody/tr[1]/td[3]/a
2018-11-16 21:57:39,753  - INFO - 页面已截图，截图的路径在项目: /screenshots路径下
2018-11-16 21:57:40,845  - INFO - 关闭浏览器窗口
2018-11-16 21:57:40,847  - INFO - 选择的浏览器为: Firefox 浏览器
2018-11-16 21:57:40,847  - INFO - 打开的URL为: http://cloudoa.test.hq.cmcc/cmoa-webapp1/customlogin/login.jsp
2018-11-16 21:57:46,077  - INFO - 启动火狐浏览器
2018-11-16 21:57:46,296  - INFO - 打开URL: http://cloudoa.test.hq.cmcc/cmoa-webapp1/customlogin/login.jsp
2018-11-16 21:57:46,372  - INFO - 全屏当前窗口
2018-11-16 21:57:46,413  - INFO - 设置5秒隐式等待时间
2018-11-16 21:57:46,413  - INFO - 清空文本框内容: userName...
2018-11-16 21:57:47,474  - INFO - 输入内容方式 by name: userName...
2018-11-16 21:57:47,474  - INFO - 输入内容: wangxiaojie
2018-11-16 21:57:49,529  - INFO - 清空文本框内容: password...
2018-11-16 21:57:50,563  - INFO - 输入内容方式 by name: password...
2018-11-16 21:57:50,563  - INFO - 输入内容: Pa$$w0rd
2018-11-16 21:57:52,596  - INFO - 点击元素 by name: loginButton...
2018-11-16 21:57:57,594  - INFO - 点击元素 by id: gViewCloseBtnGViewInfo...
2018-11-16 21:57:59,860  - INFO - 点击元素 by xpath: //*[@id="showRecord_2"]...
2018-11-16 21:58:02,125  - INFO - 点击元素 by xpath: /html/body/div[1]/div/div/div/div[2]/table/tbody/tr/td[2]/div/div/table/tbody/tr[1]/td[3]/a...
2018-11-16 21:58:07,464  - INFO - 点击元素 by id: toFlowXspLink...
2018-11-16 21:59:09,963  - INFO - 页面已截图，截图的路径在项目: /screenshots路径下
2018-11-16 21:59:11,191  - INFO - 关闭浏览器窗口
2018-11-16 21:59:11,193  - INFO - 选择的浏览器为: Firefox 浏览器
2018-11-16 21:59:11,193  - INFO - 打开的URL为: http://cloudoa.test.hq.cmcc/cmoa-webapp1/customlogin/login.jsp
2018-11-16 21:59:16,601  - INFO - 启动火狐浏览器
2018-11-16 21:59:16,885  - INFO - 打开URL: http://cloudoa.test.hq.cmcc/cmoa-webapp1/customlogin/login.jsp
2018-11-16 21:59:16,955  - INFO - 全屏当前窗口
2018-11-16 21:59:16,964  - INFO - 设置5秒隐式等待时间
2018-11-16 21:59:16,965  - INFO - 清空文本框内容: userName...
2018-11-16 21:59:18,019  - INFO - 输入内容方式 by name: userName...
2018-11-16 21:59:18,019  - INFO - 输入内容: yanglin
2018-11-16 21:59:20,055  - INFO - 清空文本框内容: password...
2018-11-16 21:59:21,085  - INFO - 输入内容方式 by name: password...
2018-11-16 21:59:21,085  - INFO - 输入内容: Pa$$w0rd
2018-11-16 21:59:23,128  - INFO - 点击元素 by name: loginButton...
2018-11-16 21:59:27,898  - INFO - 点击元素 by id: gViewCloseBtnGViewInfo...
2018-11-16 21:59:30,159  - INFO - 点击元素 by xpath: //*[@id="showRecord_2"]...
2018-11-16 21:59:32,420  - INFO - 点击元素 by xpath: /html/body/div[1]/div/div/div/div[2]/table/tbody/tr/td[2]/div/div/table/tbody/tr[1]/td[3]/a...
2018-11-16 21:59:37,733  - INFO - 点击元素 by id: toFlowXspLink...
