2018-11-19 17:17:21,780  - INFO - 选择的浏览器为: Chrome 浏览器
2018-11-19 17:17:21,781  - INFO - 打开的URL为: http://10.2.87.115:8089/www/#/login
2018-11-19 17:17:23,951  - INFO - 启动谷歌浏览器
2018-11-19 17:17:24,796  - INFO - 打开URL: http://10.2.87.115:8089/www/#/login
2018-11-19 17:17:25,924  - INFO - 全屏当前窗口
2018-11-19 17:17:25,926  - INFO - 设置5秒隐式等待时间
2018-11-19 17:17:25,926  - INFO - 清空文本框内容: //*[@id="loginForm"]/div[2]/label[1]/input...
2018-11-19 17:17:26,990  - INFO - 输入内容方式 by xpath: //*[@id="loginForm"]/div[2]/label[1]/input...
2018-11-19 17:17:26,990  - INFO - 输入内容: daizhong
2018-11-19 17:17:29,077  - INFO - 清空文本框内容: //*[@id="password"]...
2018-11-19 17:17:30,129  - INFO - 输入内容方式 by xpath: //*[@id="password"]...
2018-11-19 17:17:30,130  - INFO - 输入内容: Pa$$w0rd
2018-11-19 17:17:34,221  - INFO - 点击元素 by xpath: //*[@id="loginForm"]/div[2]/div[2]/input...
2018-11-19 17:17:37,307  - INFO - 点击元素 by xpath: /html/body/ion-side-menus/ion-side-menu-content/ion-nav-view/ion-view/ion-tabs/ion-nav-view/ion-view/ion-nav-view/ion-view/ion-content/div[1]/ion-list/div/ion-item[1]...
2018-11-19 17:17:41,419  - INFO - 点击元素 by xpath: /html/body/ion-side-menus/ion-side-menu-content/ion-nav-view/ion-view[2]/ion-tabs/div[1]/ion-scroll/div/div/a[2]/span...
2018-11-19 17:17:44,031  - INFO - 页面已截图，截图的路径在项目: /screenshots路径下
2018-11-19 17:17:44,032  - INFO - 点击元素 by xpath: /html/body/ion-side-menus/ion-side-menu-content/ion-nav-view/ion-view[2]/ion-tabs/div[3]/div/ion-footer-bar...
2018-11-19 17:17:46,653  - INFO - 页面已截图，截图的路径在项目: /screenshots路径下
2018-11-19 17:17:48,843  - INFO - 选择的浏览器为: Chrome 浏览器
2018-11-19 17:17:48,843  - INFO - 打开的URL为: http://10.2.87.115:8089/www/#/login
2018-11-19 17:17:51,077  - INFO - 启动谷歌浏览器
2018-11-19 17:17:51,770  - INFO - 打开URL: http://10.2.87.115:8089/www/#/login
2018-11-19 17:17:52,930  - INFO - 全屏当前窗口
2018-11-19 17:17:52,931  - INFO - 设置5秒隐式等待时间
2018-11-19 17:17:52,932  - INFO - 清空文本框内容: //*[@id="loginForm"]/div[2]/label[1]/input...
2018-11-19 17:17:54,018  - INFO - 输入内容方式 by xpath: //*[@id="loginForm"]/div[2]/label[1]/input...
2018-11-19 17:17:54,018  - INFO - 输入内容: wangxiaojie
2018-11-19 17:17:56,121  - INFO - 清空文本框内容: //*[@id="password"]...
2018-11-19 17:17:57,174  - INFO - 输入内容方式 by xpath: //*[@id="password"]...
2018-11-19 17:17:57,174  - INFO - 输入内容: Pa$$w0rd
2018-11-19 17:18:01,248  - INFO - 点击元素 by xpath: //*[@id="loginForm"]/div[2]/div[2]/input...
2018-11-19 17:18:04,320  - INFO - 点击元素 by xpath: /html/body/ion-side-menus/ion-side-menu-content/ion-nav-view/ion-view/ion-tabs/ion-nav-view/ion-view/ion-nav-view/ion-view/ion-content/div[1]/ion-list/div/ion-item[1]...
