2018-11-17 01:59:11,648  - INFO - 选择的浏览器为: Chrome 浏览器
2018-11-17 01:59:11,648  - INFO - 打开的URL为: http://cloudoa.hq.cmcc/cmoa-webapp1/customlogin/login.jsp
2018-11-17 01:59:13,819  - INFO - 启动谷歌浏览器
2018-11-17 01:59:14,092  - INFO - 打开URL: http://cloudoa.hq.cmcc/cmoa-webapp1/customlogin/login.jsp
2018-11-17 01:59:15,213  - INFO - 全屏当前窗口
2018-11-17 01:59:15,214  - INFO - 设置5秒隐式等待时间
2018-11-17 01:59:15,215  - INFO - 清空文本框内容: userName...
2018-11-17 01:59:16,282  - INFO - 输入内容方式 by name: userName...
2018-11-17 01:59:16,282  - INFO - 输入内容: xiongwenjian
2018-11-17 01:59:18,370  - INFO - 清空文本框内容: password...
2018-11-17 01:59:19,432  - INFO - 输入内容方式 by name: password...
2018-11-17 01:59:19,432  - INFO - 输入内容: 123456
2018-11-17 01:59:21,504  - INFO - 点击元素 by name: loginButton...
2018-11-17 01:59:26,555  - INFO - 点击元素 by id: gViewCloseBtnGViewInfo...
2018-11-17 01:59:31,801  - INFO - 点击元素 by id: processFormSubmitNext...
2018-11-17 01:59:38,295  - INFO - 点击元素 by id: processFormSubmitNext...
2018-11-17 01:59:43,818  - INFO - 关闭浏览器窗口
2018-11-17 01:59:43,820  - INFO - 选择的浏览器为: Chrome 浏览器
2018-11-17 01:59:43,820  - INFO - 打开的URL为: http://cloudoa.hq.cmcc/cmoa-webapp1/customlogin/login.jsp
2018-11-17 01:59:46,184  - INFO - 启动谷歌浏览器
2018-11-17 01:59:46,461  - INFO - 打开URL: http://cloudoa.hq.cmcc/cmoa-webapp1/customlogin/login.jsp
2018-11-17 01:59:47,589  - INFO - 全屏当前窗口
2018-11-17 01:59:47,591  - INFO - 设置5秒隐式等待时间
2018-11-17 01:59:47,591  - INFO - 清空文本框内容: userName...
2018-11-17 01:59:48,668  - INFO - 输入内容方式 by name: userName...
2018-11-17 01:59:48,668  - INFO - 输入内容: zhangtao
2018-11-17 01:59:50,746  - INFO - 清空文本框内容: password...
2018-11-17 01:59:51,798  - INFO - 输入内容方式 by name: password...
2018-11-17 01:59:51,798  - INFO - 输入内容: cmcc1qaz2wsx
2018-11-17 01:59:53,878  - INFO - 点击元素 by name: loginButton...
2018-11-17 01:59:58,436  - INFO - 点击元素 by id: gViewCloseBtnGViewInfo...
2018-11-17 02:00:03,681  - INFO - 点击元素 by id: processFormSubmitNext...
2018-11-17 02:00:10,019  - INFO - 点击元素 by id: processFormSubmitNext...
2018-11-17 02:00:18,618  - INFO - 关闭浏览器窗口
2018-11-17 02:00:18,619  - INFO - 选择的浏览器为: Chrome 浏览器
2018-11-17 02:00:18,619  - INFO - 打开的URL为: http://cloudoa.hq.cmcc/cmoa-webapp1/customlogin/login.jsp
2018-11-17 02:00:20,789  - INFO - 启动谷歌浏览器
2018-11-17 02:00:21,067  - INFO - 打开URL: http://cloudoa.hq.cmcc/cmoa-webapp1/customlogin/login.jsp
2018-11-17 02:00:22,187  - INFO - 全屏当前窗口
2018-11-17 02:00:22,188  - INFO - 设置5秒隐式等待时间
2018-11-17 02:00:22,188  - INFO - 清空文本框内容: userName...
2018-11-17 02:00:23,270  - INFO - 输入内容方式 by name: userName...
2018-11-17 02:00:23,270  - INFO - 输入内容: yejianfei
2018-11-17 02:00:25,346  - INFO - 清空文本框内容: password...
2018-11-17 02:00:26,401  - INFO - 输入内容方式 by name: password...
2018-11-17 02:00:26,401  - INFO - 输入内容: cmcc1qaz2wsx
2018-11-17 02:00:28,477  - INFO - 点击元素 by name: loginButton...
2018-11-17 02:00:33,560  - INFO - 点击元素 by id: gViewCloseBtnGViewInfo...
2018-11-17 02:00:41,860  - INFO - 页面已截图，截图的路径在项目: /screenshots路径下
2018-11-17 02:00:43,934  - INFO - 关闭浏览器窗口
