2018-11-19 14:51:59,910  - INFO - 选择的浏览器为: Chrome 浏览器
2018-11-19 14:51:59,911  - INFO - 打开的URL为: http://10.2.87.115:8089/www/#/login
2018-11-19 14:52:02,118  - INFO - 启动谷歌浏览器
2018-11-19 14:52:02,963  - INFO - 打开URL: http://10.2.87.115:8089/www/#/login
2018-11-19 14:52:04,089  - INFO - 全屏当前窗口
2018-11-19 14:52:04,091  - INFO - 设置5秒隐式等待时间
2018-11-19 14:52:04,091  - INFO - 清空文本框内容: //*[@id="loginForm"]/div[2]/label[1]/input...
2018-11-19 14:52:05,170  - INFO - 输入内容方式 by xpath: //*[@id="loginForm"]/div[2]/label[1]/input...
2018-11-19 14:52:05,170  - INFO - 输入内容: daizhong
2018-11-19 14:52:07,265  - INFO - 清空文本框内容: //*[@id="password"]...
2018-11-19 14:52:08,317  - INFO - 输入内容方式 by xpath: //*[@id="password"]...
2018-11-19 14:52:08,317  - INFO - 输入内容: Pa$$w0rd
2018-11-19 14:52:10,392  - INFO - 点击元素 by xpath: //*[@id="loginForm"]/div[2]/div[2]/input...
2018-11-19 14:52:12,471  - INFO - 选择的浏览器为: Chrome 浏览器
2018-11-19 14:52:12,471  - INFO - 打开的URL为: http://10.2.87.115:8089/www/#/login
2018-11-19 14:52:14,631  - INFO - 启动谷歌浏览器
2018-11-19 14:52:15,325  - INFO - 打开URL: http://10.2.87.115:8089/www/#/login
2018-11-19 14:52:16,465  - INFO - 全屏当前窗口
2018-11-19 14:52:16,466  - INFO - 设置5秒隐式等待时间
2018-11-19 14:52:16,466  - INFO - 清空文本框内容: //*[@id="loginForm"]/div[2]/label[1]/input...
2018-11-19 14:52:17,544  - INFO - 输入内容方式 by xpath: //*[@id="loginForm"]/div[2]/label[1]/input...
2018-11-19 14:52:17,544  - INFO - 输入内容: wangxiaojie
2018-11-19 14:52:19,660  - INFO - 清空文本框内容: //*[@id="password"]...
2018-11-19 14:52:20,715  - INFO - 输入内容方式 by xpath: //*[@id="password"]...
2018-11-19 14:52:20,715  - INFO - 输入内容: Pa$$w0rd
2018-11-19 14:52:22,793  - INFO - 点击元素 by xpath: //*[@id="loginForm"]/div[2]/div[2]/input...
