2018-11-19 15:22:12,142  - INFO - 选择的浏览器为: Chrome 浏览器
2018-11-19 15:22:12,142  - INFO - 打开的URL为: http://10.2.87.115:8089/www/#/login
2018-11-19 15:22:14,289  - INFO - 启动谷歌浏览器
2018-11-19 15:22:15,093  - INFO - 打开URL: http://10.2.87.115:8089/www/#/login
2018-11-19 15:22:16,218  - INFO - 全屏当前窗口
2018-11-19 15:22:16,219  - INFO - 设置5秒隐式等待时间
2018-11-19 15:22:16,220  - INFO - 清空文本框内容: //*[@id="loginForm"]/div[2]/label[1]/input...
2018-11-19 15:22:17,291  - INFO - 输入内容方式 by xpath: //*[@id="loginForm"]/div[2]/label[1]/input...
2018-11-19 15:22:17,291  - INFO - 输入内容: daizhong
2018-11-19 15:22:19,372  - INFO - 清空文本框内容: //*[@id="password"]...
2018-11-19 15:22:20,426  - INFO - 输入内容方式 by xpath: //*[@id="password"]...
2018-11-19 15:22:20,426  - INFO - 输入内容: Pa$$w0rd
2018-11-19 15:22:22,502  - INFO - 点击元素 by xpath: //*[@id="loginForm"]/div[2]/div[2]/input...
2018-11-19 15:22:24,580  - INFO - 点击元素 by xpath: /html/body/ion-side-menus/ion-side-menu-content/ion-nav-view/ion-view/ion-tabs/ion-nav-view/ion-view/ion-nav-view/ion-view/ion-content/div[1]/ion-list/div/ion-item[2]...
2018-11-19 15:22:36,678  - INFO - 选择的浏览器为: Chrome 浏览器
2018-11-19 15:22:36,679  - INFO - 打开的URL为: http://10.2.87.115:8089/www/#/login
2018-11-19 15:22:38,813  - INFO - 启动谷歌浏览器
2018-11-19 15:22:39,453  - INFO - 打开URL: http://10.2.87.115:8089/www/#/login
2018-11-19 15:22:40,580  - INFO - 全屏当前窗口
2018-11-19 15:22:40,581  - INFO - 设置5秒隐式等待时间
2018-11-19 15:22:40,581  - INFO - 清空文本框内容: //*[@id="loginForm"]/div[2]/label[1]/input...
2018-11-19 15:22:41,645  - INFO - 输入内容方式 by xpath: //*[@id="loginForm"]/div[2]/label[1]/input...
2018-11-19 15:22:41,645  - INFO - 输入内容: wangxiaojie
2018-11-19 15:22:43,737  - INFO - 清空文本框内容: //*[@id="password"]...
2018-11-19 15:22:44,797  - INFO - 输入内容方式 by xpath: //*[@id="password"]...
2018-11-19 15:22:44,797  - INFO - 输入内容: Pa$$w0rd
2018-11-19 15:22:46,876  - INFO - 点击元素 by xpath: //*[@id="loginForm"]/div[2]/div[2]/input...
2018-11-19 15:22:48,954  - INFO - 点击元素 by xpath: /html/body/ion-side-menus/ion-side-menu-content/ion-nav-view/ion-view/ion-tabs/ion-nav-view/ion-view/ion-nav-view/ion-view/ion-content/div[1]/ion-list/div/ion-item[2]...
