2018-11-19 17:26:18,347  - INFO - 选择的浏览器为: Chrome 浏览器
2018-11-19 17:26:18,347  - INFO - 打开的URL为: http://10.2.87.115:8089/www/#/login
2018-11-19 17:26:20,531  - INFO - 启动谷歌浏览器
2018-11-19 17:26:21,404  - INFO - 打开URL: http://10.2.87.115:8089/www/#/login
2018-11-19 17:26:22,528  - INFO - 全屏当前窗口
2018-11-19 17:26:22,530  - INFO - 设置5秒隐式等待时间
2018-11-19 17:26:22,530  - INFO - 清空文本框内容: //*[@id="loginForm"]/div[2]/label[1]/input...
2018-11-19 17:26:23,600  - INFO - 输入内容方式 by xpath: //*[@id="loginForm"]/div[2]/label[1]/input...
2018-11-19 17:26:23,600  - INFO - 输入内容: daizhong
2018-11-19 17:26:25,685  - INFO - 清空文本框内容: //*[@id="password"]...
2018-11-19 17:26:26,747  - INFO - 输入内容方式 by xpath: //*[@id="password"]...
2018-11-19 17:26:26,747  - INFO - 输入内容: Pa$$w0rd
2018-11-19 17:26:30,832  - INFO - 点击元素 by css selector: input.button...
2018-11-19 17:26:33,917  - INFO - 点击元素 by xpath: /html/body/ion-side-menus/ion-side-menu-content/ion-nav-view/ion-view/ion-tabs/ion-nav-view/ion-view/ion-nav-view/ion-view/ion-content/div[1]/ion-list/div/ion-item[1]...
2018-11-19 17:26:38,023  - INFO - 点击元素 by xpath: /html/body/ion-side-menus/ion-side-menu-content/ion-nav-view/ion-view[2]/ion-tabs/div[1]/ion-scroll/div/div/a[2]/span...
2018-11-19 17:26:40,638  - INFO - 页面已截图，截图的路径在项目: /screenshots路径下
2018-11-19 17:26:40,638  - INFO - 点击元素 by xpath: /html/body/ion-side-menus/ion-side-menu-content/ion-nav-view/ion-view[2]/ion-tabs/div[3]/div/ion-footer-bar...
2018-11-19 17:26:43,198  - INFO - 页面已截图，截图的路径在项目: /screenshots路径下
2018-11-19 17:26:45,410  - INFO - 选择的浏览器为: Chrome 浏览器
2018-11-19 17:26:45,411  - INFO - 打开的URL为: http://10.2.87.115:8089/www/#/login
2018-11-19 17:26:47,921  - INFO - 启动谷歌浏览器
2018-11-19 17:26:48,760  - INFO - 打开URL: http://10.2.87.115:8089/www/#/login
2018-11-19 17:26:49,888  - INFO - 全屏当前窗口
2018-11-19 17:26:49,891  - INFO - 设置5秒隐式等待时间
2018-11-19 17:26:49,891  - INFO - 清空文本框内容: //*[@id="loginForm"]/div[2]/label[1]/input...
2018-11-19 17:26:50,981  - INFO - 输入内容方式 by xpath: //*[@id="loginForm"]/div[2]/label[1]/input...
2018-11-19 17:26:50,981  - INFO - 输入内容: wangxiaojie
2018-11-19 17:26:53,095  - INFO - 清空文本框内容: //*[@id="password"]...
2018-11-19 17:26:54,145  - INFO - 输入内容方式 by xpath: //*[@id="password"]...
2018-11-19 17:26:54,145  - INFO - 输入内容: Pa$$w0rd
2018-11-19 17:26:58,239  - INFO - 点击元素 by css selector: input.button...
2018-11-19 17:27:01,329  - INFO - 点击元素 by xpath: /html/body/ion-side-menus/ion-side-menu-content/ion-nav-view/ion-view/ion-tabs/ion-nav-view/ion-view/ion-nav-view/ion-view/ion-content/div[1]/ion-list/div/ion-item[1]...
2018-11-19 17:27:05,427  - INFO - 点击元素 by xpath: /html/body/ion-side-menus/ion-side-menu-content/ion-nav-view/ion-view[2]/ion-tabs/div[1]/ion-scroll/div/div/a[2]/span...
2018-11-19 17:27:08,065  - INFO - 页面已截图，截图的路径在项目: /screenshots路径下
2018-11-19 17:27:08,067  - INFO - 点击元素 by xpath: /html/body/ion-side-menus/ion-side-menu-content/ion-nav-view/ion-view[2]/ion-tabs/div[3]/div/ion-footer-bar...
2018-11-19 17:27:10,670  - INFO - 页面已截图，截图的路径在项目: /screenshots路径下
2018-11-19 17:27:12,828  - INFO - 选择的浏览器为: Chrome 浏览器
2018-11-19 17:27:12,828  - INFO - 打开的URL为: http://10.2.87.115:8089/www/#/login
2018-11-19 17:27:15,046  - INFO - 启动谷歌浏览器
2018-11-19 17:27:15,843  - INFO - 打开URL: http://10.2.87.115:8089/www/#/login
2018-11-19 17:27:16,985  - INFO - 全屏当前窗口
2018-11-19 17:27:16,985  - INFO - 设置5秒隐式等待时间
2018-11-19 17:27:16,986  - INFO - 清空文本框内容: //*[@id="loginForm"]/div[2]/label[1]/input...
2018-11-19 17:27:18,049  - INFO - 输入内容方式 by xpath: //*[@id="loginForm"]/div[2]/label[1]/input...
2018-11-19 17:27:18,049  - INFO - 输入内容: yanglin
2018-11-19 17:27:20,136  - INFO - 清空文本框内容: //*[@id="password"]...
2018-11-19 17:27:21,188  - INFO - 输入内容方式 by xpath: //*[@id="password"]...
2018-11-19 17:27:21,189  - INFO - 输入内容: Pa$$w0rd
2018-11-19 17:27:25,270  - INFO - 点击元素 by css selector: input.button...
2018-11-19 17:27:28,354  - INFO - 点击元素 by xpath: /html/body/ion-side-menus/ion-side-menu-content/ion-nav-view/ion-view/ion-tabs/ion-nav-view/ion-view/ion-nav-view/ion-view/ion-content/div[1]/ion-list/div/ion-item[1]...
2018-11-19 17:28:03,514  - INFO - 点击元素 by xpath: /html/body/ion-side-menus/ion-side-menu-content/ion-nav-view/ion-view[2]/ion-tabs/div[1]/ion-scroll/div/div/a[2]/span...
2018-11-19 17:28:06,139  - INFO - 页面已截图，截图的路径在项目: /screenshots路径下
2018-11-19 17:28:06,139  - INFO - 点击元素 by xpath: /html/body/ion-side-menus/ion-side-menu-content/ion-nav-view/ion-view[2]/ion-tabs/div[3]/div/ion-footer-bar...
2018-11-19 17:28:39,361  - WARNING - 查找元素超时: /html/body/ion-side-menus/ion-side-menu-content/ion-nav-view/ion-view[2]/ion-tabs/div[3]/div/ion-footer-bar
2018-11-19 17:28:41,546  - INFO - 选择的浏览器为: Chrome 浏览器
2018-11-19 17:28:41,546  - INFO - 打开的URL为: http://10.2.87.115:8089/www/#/login
2018-11-19 17:28:43,743  - INFO - 启动谷歌浏览器
2018-11-19 17:28:44,503  - INFO - 打开URL: http://10.2.87.115:8089/www/#/login
2018-11-19 17:28:45,623  - INFO - 全屏当前窗口
2018-11-19 17:28:45,624  - INFO - 设置5秒隐式等待时间
2018-11-19 17:28:45,624  - INFO - 清空文本框内容: //*[@id="loginForm"]/div[2]/label[1]/input...
2018-11-19 17:28:46,692  - INFO - 输入内容方式 by xpath: //*[@id="loginForm"]/div[2]/label[1]/input...
2018-11-19 17:28:46,693  - INFO - 输入内容: weibing
2018-11-19 17:28:48,808  - INFO - 清空文本框内容: //*[@id="password"]...
2018-11-19 17:28:49,866  - INFO - 输入内容方式 by xpath: //*[@id="password"]...
2018-11-19 17:28:49,866  - INFO - 输入内容: Pa$$w0rd
2018-11-19 17:28:53,975  - INFO - 点击元素 by css selector: input.button...
2018-11-19 17:28:57,064  - INFO - 点击元素 by xpath: /html/body/ion-side-menus/ion-side-menu-content/ion-nav-view/ion-view/ion-tabs/ion-nav-view/ion-view/ion-nav-view/ion-view/ion-content/div[1]/ion-list/div/ion-item[1]...
2018-11-19 17:29:01,171  - INFO - 点击元素 by xpath: /html/body/ion-side-menus/ion-side-menu-content/ion-nav-view/ion-view[2]/ion-tabs/div[1]/ion-scroll/div/div/a[2]/span...
2018-11-19 17:29:03,805  - INFO - 页面已截图，截图的路径在项目: /screenshots路径下
2018-11-19 17:29:03,806  - INFO - 点击元素 by xpath: /html/body/ion-side-menus/ion-side-menu-content/ion-nav-view/ion-view[2]/ion-tabs/div[3]/div/ion-footer-bar...
2018-11-19 17:29:06,337  - INFO - 页面已截图，截图的路径在项目: /screenshots路径下
2018-11-19 17:29:08,517  - INFO - 选择的浏览器为: Chrome 浏览器
2018-11-19 17:29:08,517  - INFO - 打开的URL为: http://10.2.87.115:8089/www/#/login
2018-11-19 17:29:10,715  - INFO - 启动谷歌浏览器
2018-11-19 17:29:12,390  - INFO - 打开URL: http://10.2.87.115:8089/www/#/login
2018-11-19 17:29:13,536  - INFO - 全屏当前窗口
2018-11-19 17:29:13,537  - INFO - 设置5秒隐式等待时间
2018-11-19 17:29:13,537  - INFO - 清空文本框内容: //*[@id="loginForm"]/div[2]/label[1]/input...
2018-11-19 17:29:14,614  - INFO - 输入内容方式 by xpath: //*[@id="loginForm"]/div[2]/label[1]/input...
2018-11-19 17:29:14,614  - INFO - 输入内容: fangli
2018-11-19 17:29:16,700  - INFO - 清空文本框内容: //*[@id="password"]...
2018-11-19 17:29:17,764  - INFO - 输入内容方式 by xpath: //*[@id="password"]...
2018-11-19 17:29:17,765  - INFO - 输入内容: Pa$$w0rd
2018-11-19 17:29:21,858  - INFO - 点击元素 by css selector: input.button...
2018-11-19 17:29:24,943  - INFO - 点击元素 by xpath: /html/body/ion-side-menus/ion-side-menu-content/ion-nav-view/ion-view/ion-tabs/ion-nav-view/ion-view/ion-nav-view/ion-view/ion-content/div[1]/ion-list/div/ion-item[1]...
2018-11-19 17:29:29,049  - INFO - 点击元素 by xpath: /html/body/ion-side-menus/ion-side-menu-content/ion-nav-view/ion-view[2]/ion-tabs/div[1]/ion-scroll/div/div/a[2]/span...
2018-11-19 17:29:59,458  - WARNING - 查找元素超时: /html/body/ion-side-menus/ion-side-menu-content/ion-nav-view/ion-view[2]/ion-tabs/div[1]/ion-scroll/div/div/a[2]/span
2018-11-19 17:29:59,459  - INFO - 点击元素 by xpath: /html/body/ion-side-menus/ion-side-menu-content/ion-nav-view/ion-view[2]/ion-tabs/div[3]/div/ion-footer-bar...
2018-11-19 17:30:32,651  - WARNING - 查找元素超时: /html/body/ion-side-menus/ion-side-menu-content/ion-nav-view/ion-view[2]/ion-tabs/div[3]/div/ion-footer-bar
2018-11-19 17:30:34,818  - INFO - 选择的浏览器为: Chrome 浏览器
2018-11-19 17:30:34,834  - INFO - 打开的URL为: http://10.2.87.115:8089/www/#/login
2018-11-19 17:30:37,016  - INFO - 启动谷歌浏览器
2018-11-19 17:30:37,898  - INFO - 打开URL: http://10.2.87.115:8089/www/#/login
2018-11-19 17:30:39,018  - INFO - 全屏当前窗口
2018-11-19 17:30:39,019  - INFO - 设置5秒隐式等待时间
2018-11-19 17:30:39,019  - INFO - 清空文本框内容: //*[@id="loginForm"]/div[2]/label[1]/input...
2018-11-19 17:30:40,091  - INFO - 输入内容方式 by xpath: //*[@id="loginForm"]/div[2]/label[1]/input...
2018-11-19 17:30:40,091  - INFO - 输入内容: yuchengzhi
2018-11-19 17:30:42,188  - INFO - 清空文本框内容: //*[@id="password"]...
2018-11-19 17:30:43,245  - INFO - 输入内容方式 by xpath: //*[@id="password"]...
2018-11-19 17:30:43,245  - INFO - 输入内容: Pa$$w0rd
2018-11-19 17:30:47,318  - INFO - 点击元素 by css selector: input.button...
2018-11-19 17:30:50,404  - INFO - 点击元素 by xpath: /html/body/ion-side-menus/ion-side-menu-content/ion-nav-view/ion-view/ion-tabs/ion-nav-view/ion-view/ion-nav-view/ion-view/ion-content/div[1]/ion-list/div/ion-item[1]...
2018-11-19 17:31:24,119  - INFO - 点击元素 by xpath: /html/body/ion-side-menus/ion-side-menu-content/ion-nav-view/ion-view[2]/ion-tabs/div[1]/ion-scroll/div/div/a[2]/span...
2018-11-19 17:31:26,719  - INFO - 页面已截图，截图的路径在项目: /screenshots路径下
2018-11-19 17:31:26,719  - INFO - 点击元素 by xpath: /html/body/ion-side-menus/ion-side-menu-content/ion-nav-view/ion-view[2]/ion-tabs/div[3]/div/ion-footer-bar...
2018-11-19 17:32:00,040  - WARNING - 查找元素超时: /html/body/ion-side-menus/ion-side-menu-content/ion-nav-view/ion-view[2]/ion-tabs/div[3]/div/ion-footer-bar
2018-11-19 17:32:04,354  - INFO - 选择的浏览器为: Chrome 浏览器
2018-11-19 17:32:04,355  - INFO - 打开的URL为: http://10.2.87.115:8089/www/#/login
2018-11-19 17:32:06,603  - INFO - 启动谷歌浏览器
2018-11-19 17:32:07,354  - INFO - 打开URL: http://10.2.87.115:8089/www/#/login
2018-11-19 17:32:08,473  - INFO - 全屏当前窗口
2018-11-19 17:32:08,474  - INFO - 设置5秒隐式等待时间
2018-11-19 17:32:08,474  - INFO - 清空文本框内容: //*[@id="loginForm"]/div[2]/label[1]/input...
2018-11-19 17:32:09,550  - INFO - 输入内容方式 by xpath: //*[@id="loginForm"]/div[2]/label[1]/input...
2018-11-19 17:32:09,550  - INFO - 输入内容: xuhaiyong
2018-11-19 17:32:11,665  - INFO - 清空文本框内容: //*[@id="password"]...
2018-11-19 17:32:12,726  - INFO - 输入内容方式 by xpath: //*[@id="password"]...
2018-11-19 17:32:12,726  - INFO - 输入内容: Pa$$w0rd
2018-11-19 17:32:16,809  - INFO - 点击元素 by css selector: input.button...
2018-11-19 17:32:19,888  - INFO - 点击元素 by xpath: /html/body/ion-side-menus/ion-side-menu-content/ion-nav-view/ion-view/ion-tabs/ion-nav-view/ion-view/ion-nav-view/ion-view/ion-content/div[1]/ion-list/div/ion-item[1]...
2018-11-19 17:32:23,987  - INFO - 点击元素 by xpath: /html/body/ion-side-menus/ion-side-menu-content/ion-nav-view/ion-view[2]/ion-tabs/div[1]/ion-scroll/div/div/a[2]/span...
2018-11-19 17:32:54,407  - WARNING - 查找元素超时: /html/body/ion-side-menus/ion-side-menu-content/ion-nav-view/ion-view[2]/ion-tabs/div[1]/ion-scroll/div/div/a[2]/span
2018-11-19 17:32:54,407  - INFO - 点击元素 by xpath: /html/body/ion-side-menus/ion-side-menu-content/ion-nav-view/ion-view[2]/ion-tabs/div[3]/div/ion-footer-bar...
