2018-11-16 22:25:53,469  - INFO - 选择的浏览器为: Chrome 浏览器
2018-11-16 22:25:53,469  - INFO - 打开的URL为: http://cloudoa.test.hq.cmcc/cmoa-webapp1/customlogin/login.jsp
2018-11-16 22:25:55,937  - INFO - 启动谷歌浏览器
2018-11-16 22:25:56,205  - INFO - 打开URL: http://cloudoa.test.hq.cmcc/cmoa-webapp1/customlogin/login.jsp
2018-11-16 22:25:57,321  - INFO - 全屏当前窗口
2018-11-16 22:25:57,323  - INFO - 设置5秒隐式等待时间
2018-11-16 22:25:57,323  - INFO - 清空文本框内容: userName...
2018-11-16 22:25:58,392  - INFO - 输入内容方式 by name: userName...
2018-11-16 22:25:58,392  - INFO - 输入内容: daizhong
2018-11-16 22:26:00,478  - INFO - 清空文本框内容: password...
2018-11-16 22:26:01,629  - INFO - 输入内容方式 by name: password...
2018-11-16 22:26:01,630  - INFO - 输入内容: Pa$$w0rd
2018-11-16 22:26:03,717  - INFO - 点击元素 by name: loginButton...
2018-11-16 22:26:08,305  - INFO - 点击元素 by id: gViewCloseBtnGViewInfo...
2018-11-16 22:26:13,532  - INFO - 点击元素 by id: processFormSubmitNext...
2018-11-16 22:26:20,057  - INFO - 点击元素 by id: processFormSubmitNext...
2018-11-16 22:26:40,008  - INFO - 关闭浏览器窗口
2018-11-16 22:26:40,009  - INFO - 选择的浏览器为: Chrome 浏览器
2018-11-16 22:26:40,009  - INFO - 打开的URL为: http://cloudoa.test.hq.cmcc/cmoa-webapp1/customlogin/login.jsp
2018-11-16 22:26:42,123  - INFO - 启动谷歌浏览器
2018-11-16 22:26:42,362  - INFO - 打开URL: http://cloudoa.test.hq.cmcc/cmoa-webapp1/customlogin/login.jsp
2018-11-16 22:26:43,477  - INFO - 全屏当前窗口
2018-11-16 22:26:43,477  - INFO - 设置5秒隐式等待时间
2018-11-16 22:26:43,477  - INFO - 清空文本框内容: userName...
2018-11-16 22:26:44,542  - INFO - 输入内容方式 by name: userName...
2018-11-16 22:26:44,542  - INFO - 输入内容: wangxiaojie
2018-11-16 22:26:46,623  - INFO - 清空文本框内容: password...
2018-11-16 22:26:47,674  - INFO - 输入内容方式 by name: password...
2018-11-16 22:26:47,674  - INFO - 输入内容: Pa$$w0rd
2018-11-16 22:26:49,737  - INFO - 点击元素 by name: loginButton...
2018-11-16 22:26:54,526  - INFO - 点击元素 by id: gViewCloseBtnGViewInfo...
2018-11-16 22:26:59,756  - INFO - 点击元素 by id: processFormSubmitNext...
2018-11-16 22:27:06,519  - INFO - 点击元素 by id: processFormSubmitNext...
2018-11-16 22:27:12,103  - INFO - 关闭浏览器窗口
2018-11-16 22:27:12,104  - INFO - 选择的浏览器为: Chrome 浏览器
2018-11-16 22:27:12,104  - INFO - 打开的URL为: http://cloudoa.test.hq.cmcc/cmoa-webapp1/customlogin/login.jsp
2018-11-16 22:27:14,255  - INFO - 启动谷歌浏览器
2018-11-16 22:27:14,534  - INFO - 打开URL: http://cloudoa.test.hq.cmcc/cmoa-webapp1/customlogin/login.jsp
2018-11-16 22:27:15,650  - INFO - 全屏当前窗口
2018-11-16 22:27:15,651  - INFO - 设置5秒隐式等待时间
2018-11-16 22:27:15,651  - INFO - 清空文本框内容: userName...
2018-11-16 22:27:16,713  - INFO - 输入内容方式 by name: userName...
2018-11-16 22:27:16,714  - INFO - 输入内容: yanglin
2018-11-16 22:27:18,783  - INFO - 清空文本框内容: password...
2018-11-16 22:27:19,838  - INFO - 输入内容方式 by name: password...
2018-11-16 22:27:19,838  - INFO - 输入内容: Pa$$w0rd
2018-11-16 22:27:21,905  - INFO - 点击元素 by name: loginButton...
2018-11-16 22:27:26,524  - INFO - 点击元素 by id: gViewCloseBtnGViewInfo...
2018-11-16 22:27:31,749  - INFO - 点击元素 by id: processFormSubmitNext...
2018-11-16 22:27:38,349  - INFO - 点击元素 by id: processFormSubmitNext...
2018-11-16 22:27:44,081  - INFO - 关闭浏览器窗口
2018-11-16 22:27:44,083  - INFO - 选择的浏览器为: Chrome 浏览器
2018-11-16 22:27:44,083  - INFO - 打开的URL为: http://cloudoa.test.hq.cmcc/cmoa-webapp1/customlogin/login.jsp
2018-11-16 22:27:46,239  - INFO - 启动谷歌浏览器
2018-11-16 22:27:46,481  - INFO - 打开URL: http://cloudoa.test.hq.cmcc/cmoa-webapp1/customlogin/login.jsp
2018-11-16 22:27:47,609  - INFO - 全屏当前窗口
2018-11-16 22:27:47,610  - INFO - 设置5秒隐式等待时间
2018-11-16 22:27:47,610  - INFO - 清空文本框内容: userName...
2018-11-16 22:27:48,681  - INFO - 输入内容方式 by name: userName...
2018-11-16 22:27:48,681  - INFO - 输入内容: weibing
2018-11-16 22:27:50,751  - INFO - 清空文本框内容: password...
2018-11-16 22:27:51,802  - INFO - 输入内容方式 by name: password...
2018-11-16 22:27:51,802  - INFO - 输入内容: Pa$$w0rd
2018-11-16 22:27:53,860  - INFO - 点击元素 by name: loginButton...
2018-11-16 22:27:59,422  - INFO - 点击元素 by id: gViewCloseBtnGViewInfo...
2018-11-16 22:28:04,645  - INFO - 点击元素 by id: processFormSubmitNext...
2018-11-16 22:28:11,038  - INFO - 点击元素 by id: processFormSubmitNext...
2018-11-16 22:28:16,468  - INFO - 关闭浏览器窗口
2018-11-16 22:28:16,469  - INFO - 选择的浏览器为: Chrome 浏览器
2018-11-16 22:28:16,469  - INFO - 打开的URL为: http://cloudoa.test.hq.cmcc/cmoa-webapp1/customlogin/login.jsp
2018-11-16 22:28:18,599  - INFO - 启动谷歌浏览器
2018-11-16 22:28:18,831  - INFO - 打开URL: http://cloudoa.test.hq.cmcc/cmoa-webapp1/customlogin/login.jsp
2018-11-16 22:28:19,946  - INFO - 全屏当前窗口
2018-11-16 22:28:19,948  - INFO - 设置5秒隐式等待时间
2018-11-16 22:28:19,948  - INFO - 清空文本框内容: userName...
2018-11-16 22:28:21,016  - INFO - 输入内容方式 by name: userName...
2018-11-16 22:28:21,016  - INFO - 输入内容: fangli
2018-11-16 22:28:23,089  - INFO - 清空文本框内容: password...
2018-11-16 22:28:24,142  - INFO - 输入内容方式 by name: password...
2018-11-16 22:28:24,142  - INFO - 输入内容: Pa$$w0rd
2018-11-16 22:28:26,202  - INFO - 点击元素 by name: loginButton...
2018-11-16 22:28:31,561  - INFO - 点击元素 by id: gViewCloseBtnGViewInfo...
2018-11-16 22:28:36,789  - INFO - 点击元素 by id: processFormSubmitNext...
2018-11-16 22:28:43,096  - INFO - 点击元素 by id: processFormSubmitNext...
2018-11-16 22:28:48,420  - INFO - 关闭浏览器窗口
2018-11-16 22:28:48,421  - INFO - 选择的浏览器为: Chrome 浏览器
2018-11-16 22:28:48,422  - INFO - 打开的URL为: http://cloudoa.test.hq.cmcc/cmoa-webapp1/customlogin/login.jsp
2018-11-16 22:28:50,510  - INFO - 启动谷歌浏览器
2018-11-16 22:28:50,761  - INFO - 打开URL: http://cloudoa.test.hq.cmcc/cmoa-webapp1/customlogin/login.jsp
2018-11-16 22:28:51,884  - INFO - 全屏当前窗口
2018-11-16 22:28:51,885  - INFO - 设置5秒隐式等待时间
2018-11-16 22:28:51,885  - INFO - 清空文本框内容: userName...
2018-11-16 22:28:52,952  - INFO - 输入内容方式 by name: userName...
2018-11-16 22:28:52,952  - INFO - 输入内容: yuchengzh
2018-11-16 22:28:55,028  - INFO - 清空文本框内容: password...
2018-11-16 22:28:56,086  - INFO - 输入内容方式 by name: password...
2018-11-16 22:28:56,086  - INFO - 输入内容: Pa$$w0rd
2018-11-16 22:28:58,155  - INFO - 点击元素 by name: loginButton...
2018-11-16 22:29:00,765  - INFO - 点击元素 by id: gViewCloseBtnGViewInfo...
2018-11-16 22:29:33,871  - WARNING - 查找元素超时: gViewCloseBtnGViewInfo
