2018-11-24 00:28:45,871  - INFO - 选择的浏览器为: Chrome 浏览器
2018-11-24 00:28:45,871  - INFO - 打开的URL为: http://cloudoa.hq.cmcc/cmoa-webapp1/customlogin/login.jsp
2018-11-24 00:28:48,004  - INFO - 启动谷歌浏览器
2018-11-24 00:28:48,314  - INFO - 打开URL: http://cloudoa.hq.cmcc/cmoa-webapp1/customlogin/login.jsp
2018-11-24 00:28:49,430  - INFO - 全屏当前窗口
2018-11-24 00:28:49,432  - INFO - 设置5秒隐式等待时间
2018-11-24 00:28:49,432  - INFO - 清空文本框内容: userName...
2018-11-24 00:28:50,492  - INFO - 输入内容方式 by name: userName...
2018-11-24 00:28:50,492  - INFO - 输入内容: daizhong
2018-11-24 00:28:52,563  - INFO - 清空文本框内容: password...
2018-11-24 00:28:53,620  - INFO - 输入内容方式 by name: password...
2018-11-24 00:28:53,620  - INFO - 输入内容: cmcc1qaz2wsx
2018-11-24 00:28:55,687  - INFO - 点击元素 by name: loginButton...
2018-11-24 00:29:27,676  - INFO - 点击元素 by id: gViewCloseBtnGViewInfo...
2018-11-24 00:29:35,176  - INFO - 页面已截图，截图的路径在项目: /screenshots路径下
2018-11-24 00:29:37,773  - INFO - 关闭浏览器窗口
2018-11-24 00:29:37,775  - INFO - 选择的浏览器为: Chrome 浏览器
2018-11-24 00:29:37,776  - INFO - 打开的URL为: http://cloudoa.hq.cmcc/cmoa-webapp1/customlogin/login.jsp
2018-11-24 00:29:39,927  - INFO - 启动谷歌浏览器
2018-11-24 00:29:40,249  - INFO - 打开URL: http://cloudoa.hq.cmcc/cmoa-webapp1/customlogin/login.jsp
2018-11-24 00:29:41,367  - INFO - 全屏当前窗口
2018-11-24 00:29:41,368  - INFO - 设置5秒隐式等待时间
2018-11-24 00:29:41,368  - INFO - 清空文本框内容: userName...
2018-11-24 00:29:42,428  - INFO - 输入内容方式 by name: userName...
2018-11-24 00:29:42,428  - INFO - 输入内容: wangxiaojie
2018-11-24 00:29:44,507  - INFO - 清空文本框内容: password...
2018-11-24 00:29:45,559  - INFO - 输入内容方式 by name: password...
2018-11-24 00:29:45,559  - INFO - 输入内容: cmcc1qaz2wsx
2018-11-24 00:29:47,624  - INFO - 点击元素 by name: loginButton...
2018-11-24 00:30:20,383  - INFO - 点击元素 by id: gViewCloseBtnGViewInfo...
